This is pdfTeX, Version 3.14159265-2.6-1.40.18 (TeX Live 2017) (preloaded format=pdflatex 2017.6.11)  20 FEB 2018 17:32
entering extended mode
 restricted \write18 enabled.
 %&-line parsing enabled.
**main.tex
(./main.tex
LaTeX2e <2017-04-15>
Babel <3.10> and hyphenation patterns for 84 language(s) loaded.
(/usr/local/texlive/2017/texmf-dist/tex/latex/beamer/beamer.cls
Document Class: beamer 2017/01/23 v3.41 A class for typesetting presentations
(/usr/local/texlive/2017/texmf-dist/tex/latex/etoolbox/etoolbox.sty
Package: etoolbox 2017/01/02 v2.4 e-TeX tools for LaTeX (JAW)
\etb@tempcnta=\count79
)
(/usr/local/texlive/2017/texmf-dist/tex/latex/beamer/beamerbasemodes.sty
\beamer@tempbox=\box26
\beamer@tempcount=\count80
\c@beamerpauses=\count81

(/usr/local/texlive/2017/texmf-dist/tex/latex/beamer/beamerbasedecode.sty
\beamer@slideinframe=\count82
\beamer@minimum=\count83
)
\beamer@commentbox=\box27
\beamer@modecount=\count84
)
(/usr/local/texlive/2017/texmf-dist/tex/generic/oberdiek/ifpdf.sty
Package: ifpdf 2017/03/15 v3.2 Provides the ifpdf switch
)
\headheight=\dimen102
\headdp=\dimen103
\footheight=\dimen104
\sidebarheight=\dimen105
\beamer@tempdim=\dimen106
\beamer@finalheight=\dimen107
\beamer@animht=\dimen108
\beamer@animdp=\dimen109
\beamer@animwd=\dimen110
\beamer@leftmargin=\dimen111
\beamer@rightmargin=\dimen112
\beamer@leftsidebar=\dimen113
\beamer@rightsidebar=\dimen114
\beamer@boxsize=\dimen115
\beamer@vboxoffset=\dimen116
\beamer@descdefault=\dimen117
\beamer@descriptionwidth=\dimen118
\beamer@lastskip=\skip41
\beamer@areabox=\box28
\beamer@animcurrent=\box29
\beamer@animshowbox=\box30
\beamer@sectionbox=\box31
\beamer@logobox=\box32
\beamer@linebox=\box33
\beamer@sectioncount=\count85
\beamer@subsubsectionmax=\count86
\beamer@subsectionmax=\count87
\beamer@sectionmax=\count88
\beamer@totalheads=\count89
\beamer@headcounter=\count90
\beamer@partstartpage=\count91
\beamer@sectionstartpage=\count92
\beamer@subsectionstartpage=\count93
\beamer@animationtempa=\count94
\beamer@animationtempb=\count95
\beamer@xpos=\count96
\beamer@ypos=\count97
\beamer@showpartnumber=\count98
\beamer@currentsubsection=\count99
\beamer@coveringdepth=\count100
\beamer@sectionadjust=\count101
\beamer@tocsectionnumber=\count102

(/usr/local/texlive/2017/texmf-dist/tex/latex/beamer/beamerbaseoptions.sty
(/usr/local/texlive/2017/texmf-dist/tex/latex/graphics/keyval.sty
Package: keyval 2014/10/28 v1.15 key=value parser (DPC)
\KV@toks@=\toks14
))
\beamer@paperwidth=\skip42
\beamer@paperheight=\skip43

(/usr/local/texlive/2017/texmf-dist/tex/latex/geometry/geometry.sty
Package: geometry 2010/09/12 v5.6 Page Geometry

(/usr/local/texlive/2017/texmf-dist/tex/generic/oberdiek/ifvtex.sty
Package: ifvtex 2016/05/16 v1.6 Detect VTeX and its facilities (HO)
Package ifvtex Info: VTeX not detected.
)
(/usr/local/texlive/2017/texmf-dist/tex/generic/ifxetex/ifxetex.sty
Package: ifxetex 2010/09/12 v0.6 Provides ifxetex conditional
)
\Gm@cnth=\count103
\Gm@cntv=\count104
\c@Gm@tempcnt=\count105
\Gm@bindingoffset=\dimen119
\Gm@wd@mp=\dimen120
\Gm@odd@mp=\dimen121
\Gm@even@mp=\dimen122
\Gm@layoutwidth=\dimen123
\Gm@layoutheight=\dimen124
\Gm@layouthoffset=\dimen125
\Gm@layoutvoffset=\dimen126
\Gm@dimlist=\toks15
)
(/usr/local/texlive/2017/texmf-dist/tex/latex/base/size11.clo
File: size11.clo 2014/09/29 v1.4h Standard LaTeX file (size option)
)
(/usr/local/texlive/2017/texmf-dist/tex/latex/pgf/basiclayer/pgfcore.sty
(/usr/local/texlive/2017/texmf-dist/tex/latex/graphics/graphicx.sty
Package: graphicx 2014/10/28 v1.0g Enhanced LaTeX Graphics (DPC,SPQR)

(/usr/local/texlive/2017/texmf-dist/tex/latex/graphics/graphics.sty
Package: graphics 2017/04/14 v1.1b Standard LaTeX Graphics (DPC,SPQR)

(/usr/local/texlive/2017/texmf-dist/tex/latex/graphics/trig.sty
Package: trig 2016/01/03 v1.10 sin cos tan (DPC)
)
(/usr/local/texlive/2017/texmf-dist/tex/latex/graphics-cfg/graphics.cfg
File: graphics.cfg 2016/06/04 v1.11 sample graphics configuration
)
Package graphics Info: Driver file: pdftex.def on input line 99.

(/usr/local/texlive/2017/texmf-dist/tex/latex/graphics-def/pdftex.def
File: pdftex.def 2017/01/12 v0.06k Graphics/color for pdfTeX

(/usr/local/texlive/2017/texmf-dist/tex/generic/oberdiek/infwarerr.sty
Package: infwarerr 2016/05/16 v1.4 Providing info/warning/error messages (HO)
)
(/usr/local/texlive/2017/texmf-dist/tex/generic/oberdiek/ltxcmds.sty
Package: ltxcmds 2016/05/16 v1.23 LaTeX kernel commands for general use (HO)
)
\Gread@gobject=\count106
))
\Gin@req@height=\dimen127
\Gin@req@width=\dimen128
)
(/usr/local/texlive/2017/texmf-dist/tex/latex/pgf/systemlayer/pgfsys.sty
(/usr/local/texlive/2017/texmf-dist/tex/latex/pgf/utilities/pgfrcs.sty
(/usr/local/texlive/2017/texmf-dist/tex/generic/pgf/utilities/pgfutil-common.te
x
\pgfutil@everybye=\toks16
\pgfutil@tempdima=\dimen129
\pgfutil@tempdimb=\dimen130

(/usr/local/texlive/2017/texmf-dist/tex/generic/pgf/utilities/pgfutil-common-li
sts.tex))
(/usr/local/texlive/2017/texmf-dist/tex/generic/pgf/utilities/pgfutil-latex.def
\pgfutil@abb=\box34
(/usr/local/texlive/2017/texmf-dist/tex/latex/ms/everyshi.sty
Package: everyshi 2001/05/15 v3.00 EveryShipout Package (MS)
))
(/usr/local/texlive/2017/texmf-dist/tex/generic/pgf/utilities/pgfrcs.code.tex
Package: pgfrcs 2015/08/07 v3.0.1a (rcs-revision 1.31)
))
(/usr/local/texlive/2017/texmf-dist/tex/generic/pgf/systemlayer/pgfsys.code.tex
Package: pgfsys 2014/07/09 v3.0.1a (rcs-revision 1.48)
(/usr/local/texlive/2017/texmf-dist/tex/generic/pgf/utilities/pgfkeys.code.tex
\pgfkeys@pathtoks=\toks17
\pgfkeys@temptoks=\toks18

(/usr/local/texlive/2017/texmf-dist/tex/generic/pgf/utilities/pgfkeysfiltered.c
ode.tex
\pgfkeys@tmptoks=\toks19
))
\pgf@x=\dimen131
\pgf@y=\dimen132
\pgf@xa=\dimen133
\pgf@ya=\dimen134
\pgf@xb=\dimen135
\pgf@yb=\dimen136
\pgf@xc=\dimen137
\pgf@yc=\dimen138
\w@pgf@writea=\write3
\r@pgf@reada=\read1
\c@pgf@counta=\count107
\c@pgf@countb=\count108
\c@pgf@countc=\count109
\c@pgf@countd=\count110
\t@pgf@toka=\toks20
\t@pgf@tokb=\toks21
\t@pgf@tokc=\toks22

(/usr/local/texlive/2017/texmf-dist/tex/generic/pgf/systemlayer/pgf.cfg
File: pgf.cfg 2008/05/14  (rcs-revision 1.7)
)
Driver file for pgf: pgfsys-pdftex.def

(/usr/local/texlive/2017/texmf-dist/tex/generic/pgf/systemlayer/pgfsys-pdftex.d
ef
File: pgfsys-pdftex.def 2014/10/11  (rcs-revision 1.35)

(/usr/local/texlive/2017/texmf-dist/tex/generic/pgf/systemlayer/pgfsys-common-p
df.def
File: pgfsys-common-pdf.def 2013/10/10  (rcs-revision 1.13)
)))
(/usr/local/texlive/2017/texmf-dist/tex/generic/pgf/systemlayer/pgfsyssoftpath.
code.tex
File: pgfsyssoftpath.code.tex 2013/09/09  (rcs-revision 1.9)
\pgfsyssoftpath@smallbuffer@items=\count111
\pgfsyssoftpath@bigbuffer@items=\count112
)
(/usr/local/texlive/2017/texmf-dist/tex/generic/pgf/systemlayer/pgfsysprotocol.
code.tex
File: pgfsysprotocol.code.tex 2006/10/16  (rcs-revision 1.4)
)) (/usr/local/texlive/2017/texmf-dist/tex/latex/xcolor/xcolor.sty
Package: xcolor 2016/05/11 v2.12 LaTeX color extensions (UK)

(/usr/local/texlive/2017/texmf-dist/tex/latex/graphics-cfg/color.cfg
File: color.cfg 2016/01/02 v1.6 sample color configuration
)
Package xcolor Info: Driver file: pdftex.def on input line 225.
Package xcolor Info: Model `cmy' substituted by `cmy0' on input line 1348.
Package xcolor Info: Model `hsb' substituted by `rgb' on input line 1352.
Package xcolor Info: Model `RGB' extended on input line 1364.
Package xcolor Info: Model `HTML' substituted by `rgb' on input line 1366.
Package xcolor Info: Model `Hsb' substituted by `hsb' on input line 1367.
Package xcolor Info: Model `tHsb' substituted by `hsb' on input line 1368.
Package xcolor Info: Model `HSB' substituted by `hsb' on input line 1369.
Package xcolor Info: Model `Gray' substituted by `gray' on input line 1370.
Package xcolor Info: Model `wave' substituted by `hsb' on input line 1371.
)
(/usr/local/texlive/2017/texmf-dist/tex/generic/pgf/basiclayer/pgfcore.code.tex
Package: pgfcore 2010/04/11 v3.0.1a (rcs-revision 1.7)
(/usr/local/texlive/2017/texmf-dist/tex/generic/pgf/math/pgfmath.code.tex
(/usr/local/texlive/2017/texmf-dist/tex/generic/pgf/math/pgfmathcalc.code.tex
(/usr/local/texlive/2017/texmf-dist/tex/generic/pgf/math/pgfmathutil.code.tex)
(/usr/local/texlive/2017/texmf-dist/tex/generic/pgf/math/pgfmathparser.code.tex
\pgfmath@dimen=\dimen139
\pgfmath@count=\count113
\pgfmath@box=\box35
\pgfmath@toks=\toks23
\pgfmath@stack@operand=\toks24
\pgfmath@stack@operation=\toks25
)
(/usr/local/texlive/2017/texmf-dist/tex/generic/pgf/math/pgfmathfunctions.code.
tex
(/usr/local/texlive/2017/texmf-dist/tex/generic/pgf/math/pgfmathfunctions.basic
.code.tex)
(/usr/local/texlive/2017/texmf-dist/tex/generic/pgf/math/pgfmathfunctions.trigo
nometric.code.tex)
(/usr/local/texlive/2017/texmf-dist/tex/generic/pgf/math/pgfmathfunctions.rando
m.code.tex)
(/usr/local/texlive/2017/texmf-dist/tex/generic/pgf/math/pgfmathfunctions.compa
rison.code.tex)
(/usr/local/texlive/2017/texmf-dist/tex/generic/pgf/math/pgfmathfunctions.base.
code.tex)
(/usr/local/texlive/2017/texmf-dist/tex/generic/pgf/math/pgfmathfunctions.round
.code.tex)
(/usr/local/texlive/2017/texmf-dist/tex/generic/pgf/math/pgfmathfunctions.misc.
code.tex)
(/usr/local/texlive/2017/texmf-dist/tex/generic/pgf/math/pgfmathfunctions.integ
erarithmetics.code.tex)))
(/usr/local/texlive/2017/texmf-dist/tex/generic/pgf/math/pgfmathfloat.code.tex
\c@pgfmathroundto@lastzeros=\count114
))
(/usr/local/texlive/2017/texmf-dist/tex/generic/pgf/basiclayer/pgfcorepoints.co
de.tex
File: pgfcorepoints.code.tex 2013/10/07  (rcs-revision 1.27)
\pgf@picminx=\dimen140
\pgf@picmaxx=\dimen141
\pgf@picminy=\dimen142
\pgf@picmaxy=\dimen143
\pgf@pathminx=\dimen144
\pgf@pathmaxx=\dimen145
\pgf@pathminy=\dimen146
\pgf@pathmaxy=\dimen147
\pgf@xx=\dimen148
\pgf@xy=\dimen149
\pgf@yx=\dimen150
\pgf@yy=\dimen151
\pgf@zx=\dimen152
\pgf@zy=\dimen153
)
(/usr/local/texlive/2017/texmf-dist/tex/generic/pgf/basiclayer/pgfcorepathconst
ruct.code.tex
File: pgfcorepathconstruct.code.tex 2013/10/07  (rcs-revision 1.29)
\pgf@path@lastx=\dimen154
\pgf@path@lasty=\dimen155
)
(/usr/local/texlive/2017/texmf-dist/tex/generic/pgf/basiclayer/pgfcorepathusage
.code.tex
File: pgfcorepathusage.code.tex 2014/11/02  (rcs-revision 1.24)
\pgf@shorten@end@additional=\dimen156
\pgf@shorten@start@additional=\dimen157
)
(/usr/local/texlive/2017/texmf-dist/tex/generic/pgf/basiclayer/pgfcorescopes.co
de.tex
File: pgfcorescopes.code.tex 2015/05/08  (rcs-revision 1.46)
\pgfpic=\box36
\pgf@hbox=\box37
\pgf@layerbox@main=\box38
\pgf@picture@serial@count=\count115
)
(/usr/local/texlive/2017/texmf-dist/tex/generic/pgf/basiclayer/pgfcoregraphicst
ate.code.tex
File: pgfcoregraphicstate.code.tex 2014/11/02  (rcs-revision 1.12)
\pgflinewidth=\dimen158
)
(/usr/local/texlive/2017/texmf-dist/tex/generic/pgf/basiclayer/pgfcoretransform
ations.code.tex
File: pgfcoretransformations.code.tex 2015/08/07  (rcs-revision 1.20)
\pgf@pt@x=\dimen159
\pgf@pt@y=\dimen160
\pgf@pt@temp=\dimen161
)
(/usr/local/texlive/2017/texmf-dist/tex/generic/pgf/basiclayer/pgfcorequick.cod
e.tex
File: pgfcorequick.code.tex 2008/10/09  (rcs-revision 1.3)
)
(/usr/local/texlive/2017/texmf-dist/tex/generic/pgf/basiclayer/pgfcoreobjects.c
ode.tex
File: pgfcoreobjects.code.tex 2006/10/11  (rcs-revision 1.2)
)
(/usr/local/texlive/2017/texmf-dist/tex/generic/pgf/basiclayer/pgfcorepathproce
ssing.code.tex
File: pgfcorepathprocessing.code.tex 2013/09/09  (rcs-revision 1.9)
)
(/usr/local/texlive/2017/texmf-dist/tex/generic/pgf/basiclayer/pgfcorearrows.co
de.tex
File: pgfcorearrows.code.tex 2015/05/14  (rcs-revision 1.43)
\pgfarrowsep=\dimen162
)
(/usr/local/texlive/2017/texmf-dist/tex/generic/pgf/basiclayer/pgfcoreshade.cod
e.tex
File: pgfcoreshade.code.tex 2013/07/15  (rcs-revision 1.15)
\pgf@max=\dimen163
\pgf@sys@shading@range@num=\count116
)
(/usr/local/texlive/2017/texmf-dist/tex/generic/pgf/basiclayer/pgfcoreimage.cod
e.tex
File: pgfcoreimage.code.tex 2013/07/15  (rcs-revision 1.18)

(/usr/local/texlive/2017/texmf-dist/tex/generic/pgf/basiclayer/pgfcoreexternal.
code.tex
File: pgfcoreexternal.code.tex 2014/07/09  (rcs-revision 1.21)
\pgfexternal@startupbox=\box39
))
(/usr/local/texlive/2017/texmf-dist/tex/generic/pgf/basiclayer/pgfcorelayers.co
de.tex
File: pgfcorelayers.code.tex 2013/07/18  (rcs-revision 1.7)
)
(/usr/local/texlive/2017/texmf-dist/tex/generic/pgf/basiclayer/pgfcoretranspare
ncy.code.tex
File: pgfcoretransparency.code.tex 2013/09/30  (rcs-revision 1.5)
)
(/usr/local/texlive/2017/texmf-dist/tex/generic/pgf/basiclayer/pgfcorepatterns.
code.tex
File: pgfcorepatterns.code.tex 2013/11/07  (rcs-revision 1.5)
)))
(/usr/local/texlive/2017/texmf-dist/tex/latex/pgf/utilities/xxcolor.sty
Package: xxcolor 2003/10/24 ver 0.1
\XC@nummixins=\count117
\XC@countmixins=\count118
)
(/usr/local/texlive/2017/texmf-dist/tex/generic/oberdiek/atbegshi.sty
Package: atbegshi 2016/06/09 v1.18 At begin shipout hook (HO)
)
(/usr/local/texlive/2017/texmf-dist/tex/latex/hyperref/hyperref.sty
Package: hyperref 2017/03/14 v6.85a Hypertext links for LaTeX

(/usr/local/texlive/2017/texmf-dist/tex/generic/oberdiek/hobsub-hyperref.sty
Package: hobsub-hyperref 2016/05/16 v1.14 Bundle oberdiek, subset hyperref (HO)


(/usr/local/texlive/2017/texmf-dist/tex/generic/oberdiek/hobsub-generic.sty
Package: hobsub-generic 2016/05/16 v1.14 Bundle oberdiek, subset generic (HO)
Package: hobsub 2016/05/16 v1.14 Construct package bundles (HO)
Package hobsub Info: Skipping package `infwarerr' (already loaded).
Package hobsub Info: Skipping package `ltxcmds' (already loaded).
Package: ifluatex 2016/05/16 v1.4 Provides the ifluatex switch (HO)
Package ifluatex Info: LuaTeX not detected.
Package hobsub Info: Skipping package `ifvtex' (already loaded).
Package: intcalc 2016/05/16 v1.2 Expandable calculations with integers (HO)
Package hobsub Info: Skipping package `ifpdf' (already loaded).
Package: etexcmds 2016/05/16 v1.6 Avoid name clashes with e-TeX commands (HO)
Package etexcmds Info: Could not find \expanded.
(etexcmds)             That can mean that you are not using pdfTeX 1.50 or
(etexcmds)             that some package has redefined \expanded.
(etexcmds)             In the latter case, load this package earlier.
Package: kvsetkeys 2016/05/16 v1.17 Key value parser (HO)
Package: kvdefinekeys 2016/05/16 v1.4 Define keys (HO)
Package: pdftexcmds 2017/03/19 v0.25 Utility functions of pdfTeX for LuaTeX (HO
)
Package pdftexcmds Info: LuaTeX not detected.
Package pdftexcmds Info: \pdf@primitive is available.
Package pdftexcmds Info: \pdf@ifprimitive is available.
Package pdftexcmds Info: \pdfdraftmode found.
Package: pdfescape 2016/05/16 v1.14 Implements pdfTeX's escape features (HO)
Package: bigintcalc 2016/05/16 v1.4 Expandable calculations on big integers (HO
)
Package: bitset 2016/05/16 v1.2 Handle bit-vector datatype (HO)
Package: uniquecounter 2016/05/16 v1.3 Provide unlimited unique counter (HO)
)
Package hobsub Info: Skipping package `hobsub' (already loaded).
Package: letltxmacro 2016/05/16 v1.5 Let assignment for LaTeX macros (HO)
Package: hopatch 2016/05/16 v1.3 Wrapper for package hooks (HO)
Package: xcolor-patch 2016/05/16 xcolor patch
Package: atveryend 2016/05/16 v1.9 Hooks at the very end of document (HO)
Package hobsub Info: Skipping package `atbegshi' (already loaded).
Package: refcount 2016/05/16 v3.5 Data extraction from label references (HO)
Package: hycolor 2016/05/16 v1.8 Color options for hyperref/bookmark (HO)
)
(/usr/local/texlive/2017/texmf-dist/tex/latex/oberdiek/auxhook.sty
Package: auxhook 2016/05/16 v1.4 Hooks for auxiliary files (HO)
)
(/usr/local/texlive/2017/texmf-dist/tex/latex/oberdiek/kvoptions.sty
Package: kvoptions 2016/05/16 v3.12 Key value format for package options (HO)
)
\@linkdim=\dimen164
\Hy@linkcounter=\count119
\Hy@pagecounter=\count120

(/usr/local/texlive/2017/texmf-dist/tex/latex/hyperref/pd1enc.def
File: pd1enc.def 2017/03/14 v6.85a Hyperref: PDFDocEncoding definition (HO)
)
\Hy@SavedSpaceFactor=\count121

(/usr/local/texlive/2017/texmf-dist/tex/latex/latexconfig/hyperref.cfg
File: hyperref.cfg 2002/06/06 v1.2 hyperref configuration of TeXLive
)
Package hyperref Info: Option `bookmarks' set `true' on input line 4374.
Package hyperref Info: Option `bookmarksopen' set `true' on input line 4374.
Package hyperref Info: Option `implicit' set `false' on input line 4374.
Package hyperref Info: Hyper figures OFF on input line 4498.
Package hyperref Info: Link nesting OFF on input line 4503.
Package hyperref Info: Hyper index ON on input line 4506.
Package hyperref Info: Plain pages OFF on input line 4513.
Package hyperref Info: Backreferencing OFF on input line 4518.
Package hyperref Info: Implicit mode OFF; no redefinition of LaTeX internals.
Package hyperref Info: Bookmarks ON on input line 4751.
\c@Hy@tempcnt=\count122

(/usr/local/texlive/2017/texmf-dist/tex/latex/url/url.sty
\Urlmuskip=\muskip10
Package: url 2013/09/16  ver 3.4  Verb mode for urls, etc.
)
LaTeX Info: Redefining \url on input line 5104.
\XeTeXLinkMargin=\dimen165
\Fld@menulength=\count123
\Field@Width=\dimen166
\Fld@charsize=\dimen167
Package hyperref Info: Hyper figures OFF on input line 6358.
Package hyperref Info: Link nesting OFF on input line 6363.
Package hyperref Info: Hyper index ON on input line 6366.
Package hyperref Info: backreferencing OFF on input line 6373.
Package hyperref Info: Link coloring OFF on input line 6378.
Package hyperref Info: Link coloring with OCG OFF on input line 6383.
Package hyperref Info: PDF/A mode OFF on input line 6388.
LaTeX Info: Redefining \ref on input line 6428.
LaTeX Info: Redefining \pageref on input line 6432.
\Hy@abspage=\count124


Package hyperref Message: Stopped early.

)

Package hyperref Message: Driver (autodetected): hpdftex.

(/usr/local/texlive/2017/texmf-dist/tex/latex/hyperref/hpdftex.def
File: hpdftex.def 2017/03/14 v6.85a Hyperref driver for pdfTeX
\Fld@listcount=\count125
\c@bookmark@seq@number=\count126

(/usr/local/texlive/2017/texmf-dist/tex/latex/oberdiek/rerunfilecheck.sty
Package: rerunfilecheck 2016/05/16 v1.8 Rerun checks for auxiliary files (HO)
Package uniquecounter Info: New unique counter `rerunfilecheck' on input line 2
82.
))
(/usr/local/texlive/2017/texmf-dist/tex/latex/beamer/beamerbaserequires.sty
(/usr/local/texlive/2017/texmf-dist/tex/latex/beamer/beamerbasecompatibility.st
y) (/usr/local/texlive/2017/texmf-dist/tex/latex/beamer/beamerbasefont.sty
(/usr/local/texlive/2017/texmf-dist/tex/latex/amsfonts/amssymb.sty
Package: amssymb 2013/01/14 v3.01 AMS font symbols

(/usr/local/texlive/2017/texmf-dist/tex/latex/amsfonts/amsfonts.sty
Package: amsfonts 2013/01/14 v3.01 Basic AMSFonts support
\@emptytoks=\toks26
\symAMSa=\mathgroup4
\symAMSb=\mathgroup5
LaTeX Font Info:    Overwriting math alphabet `\mathfrak' in version `bold'
(Font)                  U/euf/m/n --> U/euf/b/n on input line 106.
))
(/usr/local/texlive/2017/texmf-dist/tex/latex/sansmathaccent/sansmathaccent.sty
Package: sansmathaccent 2013/03/28
(/usr/local/texlive/2017/texmf-dist/tex/latex/filehook/filehook.sty
Package: filehook 2011/10/12 v0.5d Hooks for input files
)))
(/usr/local/texlive/2017/texmf-dist/tex/latex/beamer/beamerbasetranslator.sty
(/usr/local/texlive/2017/texmf-dist/tex/latex/beamer/translator/translator.sty
Package: translator 2010/06/12 ver 1.10

(/usr/local/texlive/2017/texmf-dist/tex/latex/beamer/translator/translator-lang
uage-mappings.tex)))
(/usr/local/texlive/2017/texmf-dist/tex/latex/beamer/beamerbasemisc.sty)
(/usr/local/texlive/2017/texmf-dist/tex/latex/beamer/beamerbasetwoscreens.sty)
(/usr/local/texlive/2017/texmf-dist/tex/latex/beamer/beamerbaseoverlay.sty
\beamer@argscount=\count127
\beamer@lastskipcover=\skip44
\beamer@trivlistdepth=\count128
)
(/usr/local/texlive/2017/texmf-dist/tex/latex/beamer/beamerbasetitle.sty)
(/usr/local/texlive/2017/texmf-dist/tex/latex/beamer/beamerbasesection.sty
\c@lecture=\count129
\c@part=\count130
\c@section=\count131
\c@subsection=\count132
\c@subsubsection=\count133
)
(/usr/local/texlive/2017/texmf-dist/tex/latex/beamer/beamerbaseframe.sty
\beamer@framebox=\box40
\beamer@frametitlebox=\box41
\beamer@zoombox=\box42
\beamer@zoomcount=\count134
\beamer@zoomframecount=\count135
\beamer@frametextheight=\dimen168
\c@subsectionslide=\count136
\beamer@frametopskip=\skip45
\beamer@framebottomskip=\skip46
\beamer@frametopskipautobreak=\skip47
\beamer@framebottomskipautobreak=\skip48
\beamer@envbody=\toks27
\framewidth=\dimen169
\c@framenumber=\count137
)
(/usr/local/texlive/2017/texmf-dist/tex/latex/beamer/beamerbaseverbatim.sty
\beamer@verbatimfileout=\write4
)
(/usr/local/texlive/2017/texmf-dist/tex/latex/beamer/beamerbaseframesize.sty
\beamer@splitbox=\box43
\beamer@autobreakcount=\count138
\beamer@autobreaklastheight=\dimen170
\beamer@frametitletoks=\toks28
\beamer@framesubtitletoks=\toks29
)
(/usr/local/texlive/2017/texmf-dist/tex/latex/beamer/beamerbaseframecomponents.
sty
\beamer@footins=\box44
) (/usr/local/texlive/2017/texmf-dist/tex/latex/beamer/beamerbasecolor.sty)
(/usr/local/texlive/2017/texmf-dist/tex/latex/beamer/beamerbasenotes.sty
\beamer@frameboxcopy=\box45
)
(/usr/local/texlive/2017/texmf-dist/tex/latex/beamer/beamerbasetoc.sty)
(/usr/local/texlive/2017/texmf-dist/tex/latex/beamer/beamerbasetemplates.sty
\beamer@sbttoks=\toks30

(/usr/local/texlive/2017/texmf-dist/tex/latex/beamer/beamerbaseauxtemplates.sty
(/usr/local/texlive/2017/texmf-dist/tex/latex/beamer/beamerbaseboxes.sty
\bmb@box=\box46
\bmb@colorbox=\box47
\bmb@boxshadow=\box48
\bmb@boxshadowball=\box49
\bmb@boxshadowballlarge=\box50
\bmb@temp=\dimen171
\bmb@dima=\dimen172
\bmb@dimb=\dimen173
\bmb@prevheight=\dimen174
)
\beamer@blockheadheight=\dimen175
))
(/usr/local/texlive/2017/texmf-dist/tex/latex/beamer/beamerbaselocalstructure.s
ty (/usr/local/texlive/2017/texmf-dist/tex/latex/tools/enumerate.sty
Package: enumerate 2015/07/23 v3.00 enumerate extensions (DPC)
\@enLab=\toks31
)
\c@figure=\count139
\c@table=\count140
\abovecaptionskip=\skip49
\belowcaptionskip=\skip50
)
(/usr/local/texlive/2017/texmf-dist/tex/latex/beamer/beamerbasenavigation.sty
\beamer@section@min@dim=\dimen176
)
(/usr/local/texlive/2017/texmf-dist/tex/latex/beamer/beamerbasetheorems.sty
(/usr/local/texlive/2017/texmf-dist/tex/latex/amsmath/amsmath.sty
Package: amsmath 2016/11/05 v2.16a AMS math features
\@mathmargin=\skip51

For additional information on amsmath, use the `?' option.
(/usr/local/texlive/2017/texmf-dist/tex/latex/amsmath/amstext.sty
Package: amstext 2000/06/29 v2.01 AMS text

(/usr/local/texlive/2017/texmf-dist/tex/latex/amsmath/amsgen.sty
File: amsgen.sty 1999/11/30 v2.0 generic functions
\@emptytoks=\toks32
\ex@=\dimen177
))
(/usr/local/texlive/2017/texmf-dist/tex/latex/amsmath/amsbsy.sty
Package: amsbsy 1999/11/29 v1.2d Bold Symbols
\pmbraise@=\dimen178
)
(/usr/local/texlive/2017/texmf-dist/tex/latex/amsmath/amsopn.sty
Package: amsopn 2016/03/08 v2.02 operator names
)
\inf@bad=\count141
LaTeX Info: Redefining \frac on input line 213.
\uproot@=\count142
\leftroot@=\count143
LaTeX Info: Redefining \overline on input line 375.
\classnum@=\count144
\DOTSCASE@=\count145
LaTeX Info: Redefining \ldots on input line 472.
LaTeX Info: Redefining \dots on input line 475.
LaTeX Info: Redefining \cdots on input line 596.
\Mathstrutbox@=\box51
\strutbox@=\box52
\big@size=\dimen179
LaTeX Font Info:    Redeclaring font encoding OML on input line 712.
LaTeX Font Info:    Redeclaring font encoding OMS on input line 713.
\macc@depth=\count146
\c@MaxMatrixCols=\count147
\dotsspace@=\muskip11
\c@parentequation=\count148
\dspbrk@lvl=\count149
\tag@help=\toks33
\row@=\count150
\column@=\count151
\maxfields@=\count152
\andhelp@=\toks34
\eqnshift@=\dimen180
\alignsep@=\dimen181
\tagshift@=\dimen182
\tagwidth@=\dimen183
\totwidth@=\dimen184
\lineht@=\dimen185
\@envbody=\toks35
\multlinegap=\skip52
\multlinetaggap=\skip53
\mathdisplay@stack=\toks36
LaTeX Info: Redefining \[ on input line 2817.
LaTeX Info: Redefining \] on input line 2818.
)
(/usr/local/texlive/2017/texmf-dist/tex/latex/amscls/amsthm.sty
Package: amsthm 2015/03/04 v2.20.2
\thm@style=\toks37
\thm@bodyfont=\toks38
\thm@headfont=\toks39
\thm@notefont=\toks40
\thm@headpunct=\toks41
\thm@preskip=\skip54
\thm@postskip=\skip55
\thm@headsep=\skip56
\dth@everypar=\toks42
)
\c@theorem=\count153
)
(/usr/local/texlive/2017/texmf-dist/tex/latex/beamer/beamerbasethemes.sty))
(/usr/local/texlive/2017/texmf-dist/tex/latex/beamer/themes/theme/beamerthemede
fault.sty
(/usr/local/texlive/2017/texmf-dist/tex/latex/beamer/themes/font/beamerfontthem
edefault.sty)
(/usr/local/texlive/2017/texmf-dist/tex/latex/beamer/themes/color/beamercolorth
emedefault.sty)
(/usr/local/texlive/2017/texmf-dist/tex/latex/beamer/themes/inner/beamerinnerth
emedefault.sty
\beamer@dima=\dimen186
\beamer@dimb=\dimen187
)
(/usr/local/texlive/2017/texmf-dist/tex/latex/beamer/themes/outer/beamerouterth
emedefault.sty))) (./beamerthemeldv.sty (./beamerfontthemeldv.sty)
(./beamercolorthemeldv.sty) (./beamerouterthemeldv.sty))
(/usr/local/texlive/2017/texmf-dist/tex/latex/base/inputenc.sty
Package: inputenc 2015/03/17 v1.2c Input encoding file
\inpenc@prehook=\toks43
\inpenc@posthook=\toks44

(/usr/local/texlive/2017/texmf-dist/tex/latex/base/utf8.def
File: utf8.def 2017/01/28 v1.1t UTF-8 support for inputenc
Now handling font encoding OML ...
... no UTF-8 mapping file for font encoding OML
Now handling font encoding T1 ...
... processing UTF-8 mapping file for font encoding T1

(/usr/local/texlive/2017/texmf-dist/tex/latex/base/t1enc.dfu
File: t1enc.dfu 2017/01/28 v1.1t UTF-8 support for inputenc
   defining Unicode char U+00A0 (decimal 160)
   defining Unicode char U+00A1 (decimal 161)
   defining Unicode char U+00A3 (decimal 163)
   defining Unicode char U+00AB (decimal 171)
   defining Unicode char U+00AD (decimal 173)
   defining Unicode char U+00BB (decimal 187)
   defining Unicode char U+00BF (decimal 191)
   defining Unicode char U+00C0 (decimal 192)
   defining Unicode char U+00C1 (decimal 193)
   defining Unicode char U+00C2 (decimal 194)
   defining Unicode char U+00C3 (decimal 195)
   defining Unicode char U+00C4 (decimal 196)
   defining Unicode char U+00C5 (decimal 197)
   defining Unicode char U+00C6 (decimal 198)
   defining Unicode char U+00C7 (decimal 199)
   defining Unicode char U+00C8 (decimal 200)
   defining Unicode char U+00C9 (decimal 201)
   defining Unicode char U+00CA (decimal 202)
   defining Unicode char U+00CB (decimal 203)
   defining Unicode char U+00CC (decimal 204)
   defining Unicode char U+00CD (decimal 205)
   defining Unicode char U+00CE (decimal 206)
   defining Unicode char U+00CF (decimal 207)
   defining Unicode char U+00D0 (decimal 208)
   defining Unicode char U+00D1 (decimal 209)
   defining Unicode char U+00D2 (decimal 210)
   defining Unicode char U+00D3 (decimal 211)
   defining Unicode char U+00D4 (decimal 212)
   defining Unicode char U+00D5 (decimal 213)
   defining Unicode char U+00D6 (decimal 214)
   defining Unicode char U+00D8 (decimal 216)
   defining Unicode char U+00D9 (decimal 217)
   defining Unicode char U+00DA (decimal 218)
   defining Unicode char U+00DB (decimal 219)
   defining Unicode char U+00DC (decimal 220)
   defining Unicode char U+00DD (decimal 221)
   defining Unicode char U+00DE (decimal 222)
   defining Unicode char U+00DF (decimal 223)
   defining Unicode char U+00E0 (decimal 224)
   defining Unicode char U+00E1 (decimal 225)
   defining Unicode char U+00E2 (decimal 226)
   defining Unicode char U+00E3 (decimal 227)
   defining Unicode char U+00E4 (decimal 228)
   defining Unicode char U+00E5 (decimal 229)
   defining Unicode char U+00E6 (decimal 230)
   defining Unicode char U+00E7 (decimal 231)
   defining Unicode char U+00E8 (decimal 232)
   defining Unicode char U+00E9 (decimal 233)
   defining Unicode char U+00EA (decimal 234)
   defining Unicode char U+00EB (decimal 235)
   defining Unicode char U+00EC (decimal 236)
   defining Unicode char U+00ED (decimal 237)
   defining Unicode char U+00EE (decimal 238)
   defining Unicode char U+00EF (decimal 239)
   defining Unicode char U+00F0 (decimal 240)
   defining Unicode char U+00F1 (decimal 241)
   defining Unicode char U+00F2 (decimal 242)
   defining Unicode char U+00F3 (decimal 243)
   defining Unicode char U+00F4 (decimal 244)
   defining Unicode char U+00F5 (decimal 245)
   defining Unicode char U+00F6 (decimal 246)
   defining Unicode char U+00F8 (decimal 248)
   defining Unicode char U+00F9 (decimal 249)
   defining Unicode char U+00FA (decimal 250)
   defining Unicode char U+00FB (decimal 251)
   defining Unicode char U+00FC (decimal 252)
   defining Unicode char U+00FD (decimal 253)
   defining Unicode char U+00FE (decimal 254)
   defining Unicode char U+00FF (decimal 255)
   defining Unicode char U+0100 (decimal 256)
   defining Unicode char U+0101 (decimal 257)
   defining Unicode char U+0102 (decimal 258)
   defining Unicode char U+0103 (decimal 259)
   defining Unicode char U+0104 (decimal 260)
   defining Unicode char U+0105 (decimal 261)
   defining Unicode char U+0106 (decimal 262)
   defining Unicode char U+0107 (decimal 263)
   defining Unicode char U+0108 (decimal 264)
   defining Unicode char U+0109 (decimal 265)
   defining Unicode char U+010A (decimal 266)
   defining Unicode char U+010B (decimal 267)
   defining Unicode char U+010C (decimal 268)
   defining Unicode char U+010D (decimal 269)
   defining Unicode char U+010E (decimal 270)
   defining Unicode char U+010F (decimal 271)
   defining Unicode char U+0110 (decimal 272)
   defining Unicode char U+0111 (decimal 273)
   defining Unicode char U+0112 (decimal 274)
   defining Unicode char U+0113 (decimal 275)
   defining Unicode char U+0114 (decimal 276)
   defining Unicode char U+0115 (decimal 277)
   defining Unicode char U+0116 (decimal 278)
   defining Unicode char U+0117 (decimal 279)
   defining Unicode char U+0118 (decimal 280)
   defining Unicode char U+0119 (decimal 281)
   defining Unicode char U+011A (decimal 282)
   defining Unicode char U+011B (decimal 283)
   defining Unicode char U+011C (decimal 284)
   defining Unicode char U+011D (decimal 285)
   defining Unicode char U+011E (decimal 286)
   defining Unicode char U+011F (decimal 287)
   defining Unicode char U+0120 (decimal 288)
   defining Unicode char U+0121 (decimal 289)
   defining Unicode char U+0122 (decimal 290)
   defining Unicode char U+0123 (decimal 291)
   defining Unicode char U+0124 (decimal 292)
   defining Unicode char U+0125 (decimal 293)
   defining Unicode char U+0128 (decimal 296)
   defining Unicode char U+0129 (decimal 297)
   defining Unicode char U+012A (decimal 298)
   defining Unicode char U+012B (decimal 299)
   defining Unicode char U+012C (decimal 300)
   defining Unicode char U+012D (decimal 301)
   defining Unicode char U+012E (decimal 302)
   defining Unicode char U+012F (decimal 303)
   defining Unicode char U+0130 (decimal 304)
   defining Unicode char U+0131 (decimal 305)
   defining Unicode char U+0132 (decimal 306)
   defining Unicode char U+0133 (decimal 307)
   defining Unicode char U+0134 (decimal 308)
   defining Unicode char U+0135 (decimal 309)
   defining Unicode char U+0136 (decimal 310)
   defining Unicode char U+0137 (decimal 311)
   defining Unicode char U+0139 (decimal 313)
   defining Unicode char U+013A (decimal 314)
   defining Unicode char U+013B (decimal 315)
   defining Unicode char U+013C (decimal 316)
   defining Unicode char U+013D (decimal 317)
   defining Unicode char U+013E (decimal 318)
   defining Unicode char U+0141 (decimal 321)
   defining Unicode char U+0142 (decimal 322)
   defining Unicode char U+0143 (decimal 323)
   defining Unicode char U+0144 (decimal 324)
   defining Unicode char U+0145 (decimal 325)
   defining Unicode char U+0146 (decimal 326)
   defining Unicode char U+0147 (decimal 327)
   defining Unicode char U+0148 (decimal 328)
   defining Unicode char U+014A (decimal 330)
   defining Unicode char U+014B (decimal 331)
   defining Unicode char U+014C (decimal 332)
   defining Unicode char U+014D (decimal 333)
   defining Unicode char U+014E (decimal 334)
   defining Unicode char U+014F (decimal 335)
   defining Unicode char U+0150 (decimal 336)
   defining Unicode char U+0151 (decimal 337)
   defining Unicode char U+0152 (decimal 338)
   defining Unicode char U+0153 (decimal 339)
   defining Unicode char U+0154 (decimal 340)
   defining Unicode char U+0155 (decimal 341)
   defining Unicode char U+0156 (decimal 342)
   defining Unicode char U+0157 (decimal 343)
   defining Unicode char U+0158 (decimal 344)
   defining Unicode char U+0159 (decimal 345)
   defining Unicode char U+015A (decimal 346)
   defining Unicode char U+015B (decimal 347)
   defining Unicode char U+015C (decimal 348)
   defining Unicode char U+015D (decimal 349)
   defining Unicode char U+015E (decimal 350)
   defining Unicode char U+015F (decimal 351)
   defining Unicode char U+0160 (decimal 352)
   defining Unicode char U+0161 (decimal 353)
   defining Unicode char U+0162 (decimal 354)
   defining Unicode char U+0163 (decimal 355)
   defining Unicode char U+0164 (decimal 356)
   defining Unicode char U+0165 (decimal 357)
   defining Unicode char U+0168 (decimal 360)
   defining Unicode char U+0169 (decimal 361)
   defining Unicode char U+016A (decimal 362)
   defining Unicode char U+016B (decimal 363)
   defining Unicode char U+016C (decimal 364)
   defining Unicode char U+016D (decimal 365)
   defining Unicode char U+016E (decimal 366)
   defining Unicode char U+016F (decimal 367)
   defining Unicode char U+0170 (decimal 368)
   defining Unicode char U+0171 (decimal 369)
   defining Unicode char U+0172 (decimal 370)
   defining Unicode char U+0173 (decimal 371)
   defining Unicode char U+0174 (decimal 372)
   defining Unicode char U+0175 (decimal 373)
   defining Unicode char U+0176 (decimal 374)
   defining Unicode char U+0177 (decimal 375)
   defining Unicode char U+0178 (decimal 376)
   defining Unicode char U+0179 (decimal 377)
   defining Unicode char U+017A (decimal 378)
   defining Unicode char U+017B (decimal 379)
   defining Unicode char U+017C (decimal 380)
   defining Unicode char U+017D (decimal 381)
   defining Unicode char U+017E (decimal 382)
   defining Unicode char U+01CD (decimal 461)
   defining Unicode char U+01CE (decimal 462)
   defining Unicode char U+01CF (decimal 463)
   defining Unicode char U+01D0 (decimal 464)
   defining Unicode char U+01D1 (decimal 465)
   defining Unicode char U+01D2 (decimal 466)
   defining Unicode char U+01D3 (decimal 467)
   defining Unicode char U+01D4 (decimal 468)
   defining Unicode char U+01E2 (decimal 482)
   defining Unicode char U+01E3 (decimal 483)
   defining Unicode char U+01E6 (decimal 486)
   defining Unicode char U+01E7 (decimal 487)
   defining Unicode char U+01E8 (decimal 488)
   defining Unicode char U+01E9 (decimal 489)
   defining Unicode char U+01EA (decimal 490)
   defining Unicode char U+01EB (decimal 491)
   defining Unicode char U+01F0 (decimal 496)
   defining Unicode char U+01F4 (decimal 500)
   defining Unicode char U+01F5 (decimal 501)
   defining Unicode char U+0218 (decimal 536)
   defining Unicode char U+0219 (decimal 537)
   defining Unicode char U+021A (decimal 538)
   defining Unicode char U+021B (decimal 539)
   defining Unicode char U+0232 (decimal 562)
   defining Unicode char U+0233 (decimal 563)
   defining Unicode char U+1E02 (decimal 7682)
   defining Unicode char U+1E03 (decimal 7683)
   defining Unicode char U+200C (decimal 8204)
   defining Unicode char U+2010 (decimal 8208)
   defining Unicode char U+2011 (decimal 8209)
   defining Unicode char U+2012 (decimal 8210)
   defining Unicode char U+2013 (decimal 8211)
   defining Unicode char U+2014 (decimal 8212)
   defining Unicode char U+2015 (decimal 8213)
   defining Unicode char U+2018 (decimal 8216)
   defining Unicode char U+2019 (decimal 8217)
   defining Unicode char U+201A (decimal 8218)
   defining Unicode char U+201C (decimal 8220)
   defining Unicode char U+201D (decimal 8221)
   defining Unicode char U+201E (decimal 8222)
   defining Unicode char U+2030 (decimal 8240)
   defining Unicode char U+2031 (decimal 8241)
   defining Unicode char U+2039 (decimal 8249)
   defining Unicode char U+203A (decimal 8250)
   defining Unicode char U+2423 (decimal 9251)
   defining Unicode char U+1E20 (decimal 7712)
   defining Unicode char U+1E21 (decimal 7713)
)
Now handling font encoding OT1 ...
... processing UTF-8 mapping file for font encoding OT1

(/usr/local/texlive/2017/texmf-dist/tex/latex/base/ot1enc.dfu
File: ot1enc.dfu 2017/01/28 v1.1t UTF-8 support for inputenc
   defining Unicode char U+00A0 (decimal 160)
   defining Unicode char U+00A1 (decimal 161)
   defining Unicode char U+00A3 (decimal 163)
   defining Unicode char U+00AD (decimal 173)
   defining Unicode char U+00B8 (decimal 184)
   defining Unicode char U+00BF (decimal 191)
   defining Unicode char U+00C5 (decimal 197)
   defining Unicode char U+00C6 (decimal 198)
   defining Unicode char U+00D8 (decimal 216)
   defining Unicode char U+00DF (decimal 223)
   defining Unicode char U+00E6 (decimal 230)
   defining Unicode char U+00EC (decimal 236)
   defining Unicode char U+00ED (decimal 237)
   defining Unicode char U+00EE (decimal 238)
   defining Unicode char U+00EF (decimal 239)
   defining Unicode char U+00F8 (decimal 248)
   defining Unicode char U+0131 (decimal 305)
   defining Unicode char U+0141 (decimal 321)
   defining Unicode char U+0142 (decimal 322)
   defining Unicode char U+0152 (decimal 338)
   defining Unicode char U+0153 (decimal 339)
   defining Unicode char U+0174 (decimal 372)
   defining Unicode char U+0175 (decimal 373)
   defining Unicode char U+0176 (decimal 374)
   defining Unicode char U+0177 (decimal 375)
   defining Unicode char U+0218 (decimal 536)
   defining Unicode char U+0219 (decimal 537)
   defining Unicode char U+021A (decimal 538)
   defining Unicode char U+021B (decimal 539)
   defining Unicode char U+2013 (decimal 8211)
   defining Unicode char U+2014 (decimal 8212)
   defining Unicode char U+2018 (decimal 8216)
   defining Unicode char U+2019 (decimal 8217)
   defining Unicode char U+201C (decimal 8220)
   defining Unicode char U+201D (decimal 8221)
)
Now handling font encoding OMS ...
... processing UTF-8 mapping file for font encoding OMS

(/usr/local/texlive/2017/texmf-dist/tex/latex/base/omsenc.dfu
File: omsenc.dfu 2017/01/28 v1.1t UTF-8 support for inputenc
   defining Unicode char U+00A7 (decimal 167)
   defining Unicode char U+00B6 (decimal 182)
   defining Unicode char U+00B7 (decimal 183)
   defining Unicode char U+2020 (decimal 8224)
   defining Unicode char U+2021 (decimal 8225)
   defining Unicode char U+2022 (decimal 8226)
)
Now handling font encoding OMX ...
... no UTF-8 mapping file for font encoding OMX
Now handling font encoding U ...
... no UTF-8 mapping file for font encoding U
Now handling font encoding PD1 ...
... no UTF-8 mapping file for font encoding PD1
   defining Unicode char U+00A9 (decimal 169)
   defining Unicode char U+00AA (decimal 170)
   defining Unicode char U+00AE (decimal 174)
   defining Unicode char U+00BA (decimal 186)
   defining Unicode char U+02C6 (decimal 710)
   defining Unicode char U+02DC (decimal 732)
   defining Unicode char U+200C (decimal 8204)
   defining Unicode char U+2026 (decimal 8230)
   defining Unicode char U+2122 (decimal 8482)
   defining Unicode char U+2423 (decimal 9251)
))
(/usr/local/texlive/2017/texmf-dist/tex/latex/psnfss/times.sty
Package: times 2005/04/12 PSNFSS-v9.2a (SPQR) 
)
(/usr/local/texlive/2017/texmf-dist/tex/latex/fancyvrb/fancyvrb.sty
Package: fancyvrb 2008/02/07

Style option: `fancyvrb' v2.7a, with DG/SPQR fixes, and firstline=lastline fix 
<2008/02/07> (tvz)
\FV@CodeLineNo=\count154
\FV@InFile=\read2
\FV@TabBox=\box53
\c@FancyVerbLine=\count155
\FV@StepNumber=\count156
\FV@OutFile=\write5
)
(/usr/local/texlive/2017/texmf-dist/tex/latex/tools/array.sty
Package: array 2016/10/06 v2.4d Tabular extension package (FMi)
\col@sep=\dimen188
\extrarowheight=\dimen189
\NC@list=\toks45
\extratabsurround=\skip57
\backup@length=\skip58
)
(/usr/local/texlive/2017/texmf-dist/tex/latex/colortbl/colortbl.sty
Package: colortbl 2012/02/13 v1.0a Color table columns (DPC)
\everycr=\toks46
\minrowclearance=\skip59
)
(/usr/local/texlive/2017/texmf-dist/tex/latex/tools/tabularx.sty
Package: tabularx 2016/02/03 v2.11 `tabularx' package (DPC)
\TX@col@width=\dimen190
\TX@old@table=\dimen191
\TX@old@col=\dimen192
\TX@target=\dimen193
\TX@delta=\dimen194
\TX@cols=\count157
\TX@ftn=\toks47
)
(/usr/local/texlive/2017/texmf-dist/tex/latex/listings/listings.sty
\lst@mode=\count158
\lst@gtempboxa=\box54
\lst@token=\toks48
\lst@length=\count159
\lst@currlwidth=\dimen195
\lst@column=\count160
\lst@pos=\count161
\lst@lostspace=\dimen196
\lst@width=\dimen197
\lst@newlines=\count162
\lst@lineno=\count163
\lst@maxwidth=\dimen198

(/usr/local/texlive/2017/texmf-dist/tex/latex/listings/lstmisc.sty
File: lstmisc.sty 2015/06/04 1.6 (Carsten Heinz)
\c@lstnumber=\count164
\lst@skipnumbers=\count165
\lst@framebox=\box55
)
(/usr/local/texlive/2017/texmf-dist/tex/latex/listings/listings.cfg
File: listings.cfg 2015/06/04 1.6 listings configuration
))
Package: listings 2015/06/04 1.6 (Carsten Heinz)

(/usr/local/texlive/2017/texmf-dist/tex/latex/beamer/multimedia/multimedia.sty
Package: multimedia 2012/05/02 ver 0.02
\mm@movie=\count166
)

Package hyperref Warning: Token not allowed in a PDF string (PDFDocEncoding):
(hyperref)                removing `math shift' on input line 41.


Package hyperref Warning: Token not allowed in a PDF string (PDFDocEncoding):
(hyperref)                removing `\newline' on input line 41.


Package hyperref Warning: Token not allowed in a PDF string (PDFDocEncoding):
(hyperref)                removing `math shift' on input line 41.


Package hyperref Warning: Token not allowed in a PDF string (PDFDocEncoding):
(hyperref)                removing `math shift' on input line 41.


Package hyperref Warning: Token not allowed in a PDF string (PDFDocEncoding):
(hyperref)                removing `\newline' on input line 41.


Package hyperref Warning: Token not allowed in a PDF string (PDFDocEncoding):
(hyperref)                removing `math shift' on input line 41.


Package hyperref Warning: Token not allowed in a PDF string (PDFDocEncoding):
(hyperref)                removing `math shift' on input line 41.


Package hyperref Warning: Token not allowed in a PDF string (PDFDocEncoding):
(hyperref)                removing `\newline' on input line 41.


Package hyperref Warning: Token not allowed in a PDF string (PDFDocEncoding):
(hyperref)                removing `math shift' on input line 41.

(./main.aux)
\openout1 = `main.aux'.

LaTeX Font Info:    Checking defaults for OML/cmm/m/it on input line 52.
LaTeX Font Info:    ... okay on input line 52.
LaTeX Font Info:    Checking defaults for T1/cmr/m/n on input line 52.
LaTeX Font Info:    ... okay on input line 52.
LaTeX Font Info:    Checking defaults for OT1/cmr/m/n on input line 52.
LaTeX Font Info:    ... okay on input line 52.
LaTeX Font Info:    Checking defaults for OMS/cmsy/m/n on input line 52.
LaTeX Font Info:    ... okay on input line 52.
LaTeX Font Info:    Checking defaults for OMX/cmex/m/n on input line 52.
LaTeX Font Info:    ... okay on input line 52.
LaTeX Font Info:    Checking defaults for U/cmr/m/n on input line 52.
LaTeX Font Info:    ... okay on input line 52.
LaTeX Font Info:    Checking defaults for PD1/pdf/m/n on input line 52.
LaTeX Font Info:    ... okay on input line 52.
LaTeX Font Info:    Try loading font information for OT1+phv on input line 52.
 (/usr/local/texlive/2017/texmf-dist/tex/latex/psnfss/ot1phv.fd
File: ot1phv.fd 2001/06/04 scalable font definitions for OT1/phv.
)
*geometry* driver: auto-detecting
*geometry* detected driver: pdftex
*geometry* verbose mode - [ preamble ] result:
* driver: pdftex
* paper: custom
* layout: <same size as paper>
* layoutoffset:(h,v)=(0.0pt,0.0pt)
* modes: includehead includefoot 
* h-part:(L,W,R)=(28.45274pt, 307.28987pt, 28.45274pt)
* v-part:(T,H,B)=(0.0pt, 273.14662pt, 0.0pt)
* \paperwidth=364.19536pt
* \paperheight=273.14662pt
* \textwidth=307.28987pt
* \textheight=244.6939pt
* \oddsidemargin=-43.81725pt
* \evensidemargin=-43.81725pt
* \topmargin=-72.26999pt
* \headheight=14.22636pt
* \headsep=0.0pt
* \topskip=11.0pt
* \footskip=14.22636pt
* \marginparwidth=4.0pt
* \marginparsep=10.0pt
* \columnsep=10.0pt
* \skip\footins=10.0pt plus 4.0pt minus 2.0pt
* \hoffset=0.0pt
* \voffset=0.0pt
* \mag=1000
* \@twocolumnfalse
* \@twosidefalse
* \@mparswitchfalse
* \@reversemarginfalse
* (1in=72.27pt=25.4mm, 1cm=28.453pt)

(/usr/local/texlive/2017/texmf-dist/tex/context/base/mkii/supp-pdf.mkii
[Loading MPS to PDF converter (version 2006.09.02).]
\scratchcounter=\count167
\scratchdimen=\dimen199
\scratchbox=\box56
\nofMPsegments=\count168
\nofMParguments=\count169
\everyMPshowfont=\toks49
\MPscratchCnt=\count170
\MPscratchDim=\dimen256
\MPnumerator=\count171
\makeMPintoPDFobject=\count172
\everyMPtoPDFconversion=\toks50
) (/usr/local/texlive/2017/texmf-dist/tex/latex/oberdiek/epstopdf-base.sty
Package: epstopdf-base 2016/05/15 v2.6 Base part for package epstopdf

(/usr/local/texlive/2017/texmf-dist/tex/latex/oberdiek/grfext.sty
Package: grfext 2016/05/16 v1.2 Manage graphics extensions (HO)
)
Package epstopdf-base Info: Redefining graphics rule for `.eps' on input line 4
38.
Package grfext Info: Graphics extension search list:
(grfext)             [.png,.pdf,.jpg,.mps,.jpeg,.jbig2,.jb2,.PNG,.PDF,.JPG,.JPE
G,.JBIG2,.JB2,.eps]
(grfext)             \AppendGraphicsExtensions on input line 456.

(/usr/local/texlive/2017/texmf-dist/tex/latex/latexconfig/epstopdf-sys.cfg
File: epstopdf-sys.cfg 2010/07/13 v1.3 Configuration of (r)epstopdf for TeX Liv
e
))
ABD: EveryShipout initializing macros
\AtBeginShipoutBox=\box57
Package hyperref Info: Link coloring OFF on input line 52.

(/usr/local/texlive/2017/texmf-dist/tex/latex/hyperref/nameref.sty
Package: nameref 2016/05/21 v2.44 Cross-referencing by name of section

(/usr/local/texlive/2017/texmf-dist/tex/generic/oberdiek/gettitlestring.sty
Package: gettitlestring 2016/05/16 v1.5 Cleanup title references (HO)
)
\c@section@level=\count173
)
LaTeX Info: Redefining \ref on input line 52.
LaTeX Info: Redefining \pageref on input line 52.
LaTeX Info: Redefining \nameref on input line 52.

(./main.out) (./main.out)
\@outlinefile=\write6
\openout6 = `main.out'.

LaTeX Font Info:    Overwriting symbol font `operators' in version `normal'
(Font)                  OT1/cmr/m/n --> OT1/cmss/m/n on input line 52.
LaTeX Font Info:    Overwriting symbol font `operators' in version `bold'
(Font)                  OT1/cmr/bx/n --> OT1/cmss/bx/n on input line 52.
\symnumbers=\mathgroup6
\sympureletters=\mathgroup7
LaTeX Font Info:    Overwriting math alphabet `\mathrm' in version `normal'
(Font)                  OT1/cmss/m/n --> OT1/ptm/m/n on input line 52.
LaTeX Font Info:    Redeclaring math alphabet \mathbf on input line 52.
LaTeX Font Info:    Overwriting math alphabet `\mathbf' in version `normal'
(Font)                  OT1/cmr/bx/n --> OT1/phv/bx/n on input line 52.
LaTeX Font Info:    Overwriting math alphabet `\mathbf' in version `bold'
(Font)                  OT1/cmr/bx/n --> OT1/phv/bx/n on input line 52.
LaTeX Font Info:    Redeclaring math alphabet \mathsf on input line 52.
LaTeX Font Info:    Overwriting math alphabet `\mathsf' in version `normal'
(Font)                  OT1/cmss/m/n --> OT1/phv/m/n on input line 52.
LaTeX Font Info:    Overwriting math alphabet `\mathsf' in version `bold'
(Font)                  OT1/cmss/bx/n --> OT1/phv/m/n on input line 52.
LaTeX Font Info:    Redeclaring math alphabet \mathit on input line 52.
LaTeX Font Info:    Overwriting math alphabet `\mathit' in version `normal'
(Font)                  OT1/cmr/m/it --> OT1/phv/m/it on input line 52.
LaTeX Font Info:    Overwriting math alphabet `\mathit' in version `bold'
(Font)                  OT1/cmr/bx/it --> OT1/phv/m/it on input line 52.
LaTeX Font Info:    Redeclaring math alphabet \mathtt on input line 52.
LaTeX Font Info:    Overwriting math alphabet `\mathtt' in version `normal'
(Font)                  OT1/cmtt/m/n --> OT1/pcr/m/n on input line 52.
LaTeX Font Info:    Overwriting math alphabet `\mathtt' in version `bold'
(Font)                  OT1/cmtt/m/n --> OT1/pcr/m/n on input line 52.
LaTeX Font Info:    Overwriting symbol font `numbers' in version `bold'
(Font)                  OT1/phv/m/n --> OT1/phv/bx/n on input line 52.
LaTeX Font Info:    Overwriting symbol font `pureletters' in version `bold'
(Font)                  OT1/phv/m/it --> OT1/phv/bx/it on input line 52.
LaTeX Font Info:    Overwriting math alphabet `\mathrm' in version `bold'
(Font)                  OT1/cmss/bx/n --> OT1/ptm/bx/n on input line 52.
LaTeX Font Info:    Overwriting math alphabet `\mathbf' in version `bold'
(Font)                  OT1/phv/bx/n --> OT1/phv/bx/n on input line 52.
LaTeX Font Info:    Overwriting math alphabet `\mathsf' in version `bold'
(Font)                  OT1/phv/m/n --> OT1/phv/bx/n on input line 52.
LaTeX Font Info:    Overwriting math alphabet `\mathit' in version `bold'
(Font)                  OT1/phv/m/it --> OT1/phv/bx/it on input line 52.
LaTeX Font Info:    Overwriting math alphabet `\mathtt' in version `bold'
(Font)                  OT1/pcr/m/n --> OT1/pcr/bx/n on input line 52.

(/usr/local/texlive/2017/texmf-dist/tex/latex/beamer/translator/dicts/translato
r-basic-dictionary/translator-basic-dictionary-English.dict
Dictionary: translator-basic-dictionary, Language: English 
)
(/usr/local/texlive/2017/texmf-dist/tex/latex/beamer/translator/dicts/translato
r-bibliography-dictionary/translator-bibliography-dictionary-English.dict
Dictionary: translator-bibliography-dictionary, Language: English 
)
(/usr/local/texlive/2017/texmf-dist/tex/latex/beamer/translator/dicts/translato
r-environment-dictionary/translator-environment-dictionary-English.dict
Dictionary: translator-environment-dictionary, Language: English 
)
(/usr/local/texlive/2017/texmf-dist/tex/latex/beamer/translator/dicts/translato
r-months-dictionary/translator-months-dictionary-English.dict
Dictionary: translator-months-dictionary, Language: English 
)
(/usr/local/texlive/2017/texmf-dist/tex/latex/beamer/translator/dicts/translato
r-numbers-dictionary/translator-numbers-dictionary-English.dict
Dictionary: translator-numbers-dictionary, Language: English 
)
(/usr/local/texlive/2017/texmf-dist/tex/latex/beamer/translator/dicts/translato
r-theorem-dictionary/translator-theorem-dictionary-English.dict
Dictionary: translator-theorem-dictionary, Language: English 
)
LaTeX Info: Redefining \includegraphics on input line 52.
\c@lstlisting=\count174
 (./main.nav)
LaTeX Font Info:    Try loading font information for U+msa on input line 52.

(/usr/local/texlive/2017/texmf-dist/tex/latex/amsfonts/umsa.fd
File: umsa.fd 2013/01/14 v3.01 AMS symbols A
)
LaTeX Font Info:    Try loading font information for U+msb on input line 52.

(/usr/local/texlive/2017/texmf-dist/tex/latex/amsfonts/umsb.fd
File: umsb.fd 2013/01/14 v3.01 AMS symbols B
)
LaTeX Font Info:    Font shape `OT1/phv/m/it' in size <6> not available
(Font)              Font shape `OT1/phv/m/sl' tried instead on input line 52.
LaTeX Font Info:    Font shape `OT1/phv/m/it' in size <5> not available
(Font)              Font shape `OT1/phv/m/sl' tried instead on input line 52.

Overfull \hbox (3.04637pt too wide) in paragraph at lines 52--52
[][][][]  
 []

<ldvlogo_neu.pdf, id=42, 437.635pt x 98.3675pt> <use ldvlogo_neu.pdf>
<tumlogo.pdf, id=43, 203.76125pt x 29.10875pt> <use tumlogo.pdf>
<use ldvlogo_neu.pdf> <use tumlogo.pdf>
File: ldvlogo_neu.pdf Graphic file (type pdf)
 <use ldvlogo_neu.pdf>
Package pdftex.def Info: ldvlogo_neu.pdf used on input line 52.
(pdftex.def)             Requested size: 65.64241pt x 14.75447pt.
File: tumlogo.pdf Graphic file (type pdf)

<use tumlogo.pdf>
Package pdftex.def Info: tumlogo.pdf used on input line 52.
(pdftex.def)             Requested size: 91.69171pt x 13.0988pt.
LaTeX Font Info:    Font shape `OT1/phv/m/it' in size <10.95> not available
(Font)              Font shape `OT1/phv/m/sl' tried instead on input line 57.
LaTeX Font Info:    Font shape `OT1/phv/m/it' in size <8> not available
(Font)              Font shape `OT1/phv/m/sl' tried instead on input line 57.
 <use ldvlogo_neu.pdf> <use tumlogo.pdf>
<use ldvlogo_neu.pdf> <use tumlogo.pdf>
File: ldvlogo_neu.pdf Graphic file (type pdf)
 <use ldvlogo_neu.pdf>
Package pdftex.def Info: ldvlogo_neu.pdf used on input line 57.
(pdftex.def)             Requested size: 65.64241pt x 14.75447pt.
File: tumlogo.pdf Graphic file (type pdf)

<use tumlogo.pdf>
Package pdftex.def Info: tumlogo.pdf used on input line 57.
(pdftex.def)             Requested size: 91.69171pt x 13.0988pt.

Overfull \hbox (3.04637pt too wide) has occurred while \output is active
[][][][] 
 []

[1

{/usr/local/texlive/2017/texmf-var/fonts/map/pdftex/updmap/pdftex.map} <./ldvlo
go_neu.pdf> <./tumlogo.pdf>] (./main.toc) <use ldvlogo_neu.pdf>
<use tumlogo.pdf> <use ldvlogo_neu.pdf> <use tumlogo.pdf>
File: ldvlogo_neu.pdf Graphic file (type pdf)

<use ldvlogo_neu.pdf>
Package pdftex.def Info: ldvlogo_neu.pdf used on input line 63.
(pdftex.def)             Requested size: 65.64241pt x 14.75447pt.
File: tumlogo.pdf Graphic file (type pdf)
 <use tumlogo.pdf>
Package pdftex.def Info: tumlogo.pdf used on input line 63.
(pdftex.def)             Requested size: 91.69171pt x 13.0988pt.

Overfull \hbox (3.04637pt too wide) has occurred while \output is active
[][][][] 
 []

[2

] <use ldvlogo_neu.pdf> <use tumlogo.pdf> <use ldvlogo_neu.pdf>
<use tumlogo.pdf>
File: ldvlogo_neu.pdf Graphic file (type pdf)
 <use ldvlogo_neu.pdf>
Package pdftex.def Info: ldvlogo_neu.pdf used on input line 76.
(pdftex.def)             Requested size: 65.64241pt x 14.75447pt.
File: tumlogo.pdf Graphic file (type pdf)
 <use tumlogo.pdf>
Package pdftex.def Info: tumlogo.pdf used on input line 76.
(pdftex.def)             Requested size: 91.69171pt x 13.0988pt.

Overfull \hbox (3.04637pt too wide) has occurred while \output is active
[][][][] 
 []

[3

] <use ldvlogo_neu.pdf> <use tumlogo.pdf> <use ldvlogo_neu.pdf>
<use tumlogo.pdf>
File: ldvlogo_neu.pdf Graphic file (type pdf)
 <use ldvlogo_neu.pdf>
Package pdftex.def Info: ldvlogo_neu.pdf used on input line 88.
(pdftex.def)             Requested size: 65.64241pt x 14.75447pt.
File: tumlogo.pdf Graphic file (type pdf)
 <use tumlogo.pdf>
Package pdftex.def Info: tumlogo.pdf used on input line 88.
(pdftex.def)             Requested size: 91.69171pt x 13.0988pt.

Overfull \hbox (3.04637pt too wide) has occurred while \output is active
[][][][] 
 []

[4

] <fig1.png, id=165, 888.31876pt x 622.82687pt>
File: fig1.png Graphic file (type png)
 <use fig1.png>
Package pdftex.def Info: fig1.png used on input line 98.
(pdftex.def)             Requested size: 888.31659pt x 622.82535pt.

<use ldvlogo_neu.pdf> <use tumlogo.pdf> <use ldvlogo_neu.pdf>
<use tumlogo.pdf>
File: ldvlogo_neu.pdf Graphic file (type pdf)
 <use ldvlogo_neu.pdf>
Package pdftex.def Info: ldvlogo_neu.pdf used on input line 98.
(pdftex.def)             Requested size: 65.64241pt x 14.75447pt.
File: tumlogo.pdf Graphic file (type pdf)
 <use tumlogo.pdf>
Package pdftex.def Info: tumlogo.pdf used on input line 98.
(pdftex.def)             Requested size: 91.69171pt x 13.0988pt.

Overfull \hbox (3.04637pt too wide) has occurred while \output is active
[][][][] 
 []

[5

 <./fig1.png>] <use ldvlogo_neu.pdf> <use tumlogo.pdf> <use ldvlogo_neu.pdf>
<use tumlogo.pdf>
File: ldvlogo_neu.pdf Graphic file (type pdf)
 <use ldvlogo_neu.pdf>
Package pdftex.def Info: ldvlogo_neu.pdf used on input line 109.
(pdftex.def)             Requested size: 65.64241pt x 14.75447pt.
File: tumlogo.pdf Graphic file (type pdf)
 <use tumlogo.pdf>
Package pdftex.def Info: tumlogo.pdf used on input line 109.
(pdftex.def)             Requested size: 91.69171pt x 13.0988pt.

Overfull \hbox (3.04637pt too wide) has occurred while \output is active
[][][][] 
 []

[6

]
Package epstopdf Info: Source file: <fig2.eps>
(epstopdf)                    date: 2018-02-20 16:30:08
(epstopdf)                    size: 14596 bytes
(epstopdf)             Output file: <fig2-eps-converted-to.pdf>
(epstopdf)                    date: 2018-02-20 17:32:09
(epstopdf)                    size: 7937 bytes
(epstopdf)             Command: <repstopdf --outfile=fig2-eps-converted-to.pdf 
fig2.eps>
(epstopdf)             \includegraphics on input line 118.
Package epstopdf Info: Output file is already uptodate.
 <fig2-eps-converted-to.pdf, id=216, 562.1pt x 421.575pt>
File: fig2-eps-converted-to.pdf Graphic file (type pdf)

<use fig2-eps-converted-to.pdf>
Package pdftex.def Info: fig2-eps-converted-to.pdf used on input line 118.
(pdftex.def)             Requested size: 562.09863pt x 421.57396pt.

Overfull \vbox (5.77986pt too high) detected at line 118
 []

<use ldvlogo_neu.pdf> <use tumlogo.pdf> <use ldvlogo_neu.pdf>
<use tumlogo.pdf>
File: ldvlogo_neu.pdf Graphic file (type pdf)
 <use ldvlogo_neu.pdf>
Package pdftex.def Info: ldvlogo_neu.pdf used on input line 118.
(pdftex.def)             Requested size: 65.64241pt x 14.75447pt.
File: tumlogo.pdf Graphic file (type pdf)
 <use tumlogo.pdf>
Package pdftex.def Info: tumlogo.pdf used on input line 118.
(pdftex.def)             Requested size: 91.69171pt x 13.0988pt.

Overfull \hbox (3.04637pt too wide) has occurred while \output is active
[][][][] 
 []

[7

 <./fig2-eps-converted-to.pdf>]
Package epstopdf Info: Source file: <fig3.eps>
(epstopdf)                    date: 2018-02-20 16:30:08
(epstopdf)                    size: 14210 bytes
(epstopdf)             Output file: <fig3-eps-converted-to.pdf>
(epstopdf)                    date: 2018-02-20 17:32:09
(epstopdf)                    size: 7693 bytes
(epstopdf)             Command: <repstopdf --outfile=fig3-eps-converted-to.pdf 
fig3.eps>
(epstopdf)             \includegraphics on input line 126.
Package epstopdf Info: Output file is already uptodate.

<fig3-eps-converted-to.pdf, id=254, 562.1pt x 421.575pt>
File: fig3-eps-converted-to.pdf Graphic file (type pdf)

<use fig3-eps-converted-to.pdf>
Package pdftex.def Info: fig3-eps-converted-to.pdf used on input line 126.
(pdftex.def)             Requested size: 562.09863pt x 421.57396pt.

Overfull \vbox (5.77986pt too high) detected at line 126
 []

<use ldvlogo_neu.pdf> <use tumlogo.pdf> <use ldvlogo_neu.pdf>
<use tumlogo.pdf>
File: ldvlogo_neu.pdf Graphic file (type pdf)
 <use ldvlogo_neu.pdf>
Package pdftex.def Info: ldvlogo_neu.pdf used on input line 126.
(pdftex.def)             Requested size: 65.64241pt x 14.75447pt.
File: tumlogo.pdf Graphic file (type pdf)
 <use tumlogo.pdf>
Package pdftex.def Info: tumlogo.pdf used on input line 126.
(pdftex.def)             Requested size: 91.69171pt x 13.0988pt.

Overfull \hbox (3.04637pt too wide) has occurred while \output is active
[][][][] 
 []

[8

 <./fig3-eps-converted-to.pdf>]
Package epstopdf Info: Source file: <fig4.eps>
(epstopdf)                    date: 2018-02-20 16:30:08
(epstopdf)                    size: 13940 bytes
(epstopdf)             Output file: <fig4-eps-converted-to.pdf>
(epstopdf)                    date: 2018-02-20 17:32:10
(epstopdf)                    size: 7546 bytes
(epstopdf)             Command: <repstopdf --outfile=fig4-eps-converted-to.pdf 
fig4.eps>
(epstopdf)             \includegraphics on input line 134.
Package epstopdf Info: Output file is already uptodate.

<fig4-eps-converted-to.pdf, id=288, 562.1pt x 421.575pt>
File: fig4-eps-converted-to.pdf Graphic file (type pdf)

<use fig4-eps-converted-to.pdf>
Package pdftex.def Info: fig4-eps-converted-to.pdf used on input line 134.
(pdftex.def)             Requested size: 562.09863pt x 421.57396pt.

Overfull \vbox (5.77986pt too high) detected at line 134
 []

<use ldvlogo_neu.pdf> <use tumlogo.pdf> <use ldvlogo_neu.pdf>
<use tumlogo.pdf>
File: ldvlogo_neu.pdf Graphic file (type pdf)
 <use ldvlogo_neu.pdf>
Package pdftex.def Info: ldvlogo_neu.pdf used on input line 134.
(pdftex.def)             Requested size: 65.64241pt x 14.75447pt.
File: tumlogo.pdf Graphic file (type pdf)
 <use tumlogo.pdf>
Package pdftex.def Info: tumlogo.pdf used on input line 134.
(pdftex.def)             Requested size: 91.69171pt x 13.0988pt.

Overfull \hbox (3.04637pt too wide) has occurred while \output is active
[][][][] 
 []

[9

 <./fig4-eps-converted-to.pdf>] <fig5_.png, id=322, 561.7788pt x 421.575pt>
File: fig5_.png Graphic file (type png)

<use fig5_.png>
Package pdftex.def Info: fig5_.png used on input line 142.
(pdftex.def)             Requested size: 561.77742pt x 421.57396pt.

Overfull \vbox (5.77986pt too high) detected at line 142
 []

<use ldvlogo_neu.pdf> <use tumlogo.pdf> <use ldvlogo_neu.pdf>
<use tumlogo.pdf>
File: ldvlogo_neu.pdf Graphic file (type pdf)
 <use ldvlogo_neu.pdf>
Package pdftex.def Info: ldvlogo_neu.pdf used on input line 142.
(pdftex.def)             Requested size: 65.64241pt x 14.75447pt.
File: tumlogo.pdf Graphic file (type pdf)
 <use tumlogo.pdf>
Package pdftex.def Info: tumlogo.pdf used on input line 142.
(pdftex.def)             Requested size: 91.69171pt x 13.0988pt.

Overfull \hbox (6.38232pt too wide) has occurred while \output is active
[][][][] 
 []

[10

 <./fig5_.png>] <fig6_.png, id=349, 561.7788pt x 421.575pt>
File: fig6_.png Graphic file (type png)
 <use fig6_.png>
Package pdftex.def Info: fig6_.png used on input line 150.
(pdftex.def)             Requested size: 561.77742pt x 421.57396pt.

Overfull \vbox (5.77986pt too high) detected at line 150
 []

<use ldvlogo_neu.pdf> <use tumlogo.pdf> <use ldvlogo_neu.pdf>
<use tumlogo.pdf>
File: ldvlogo_neu.pdf Graphic file (type pdf)
 <use ldvlogo_neu.pdf>
Package pdftex.def Info: ldvlogo_neu.pdf used on input line 150.
(pdftex.def)             Requested size: 65.64241pt x 14.75447pt.
File: tumlogo.pdf Graphic file (type pdf)
 <use tumlogo.pdf>
Package pdftex.def Info: tumlogo.pdf used on input line 150.
(pdftex.def)             Requested size: 91.69171pt x 13.0988pt.

Overfull \hbox (6.38232pt too wide) has occurred while \output is active
[][][][] 
 []

[11

 <./fig6_.png>] <fig7_.png, id=377, 561.7788pt x 421.575pt>
File: fig7_.png Graphic file (type png)
 <use fig7_.png>
Package pdftex.def Info: fig7_.png used on input line 158.
(pdftex.def)             Requested size: 561.77742pt x 421.57396pt.

Overfull \vbox (5.77986pt too high) detected at line 158
 []

<use ldvlogo_neu.pdf> <use tumlogo.pdf> <use ldvlogo_neu.pdf>
<use tumlogo.pdf>
File: ldvlogo_neu.pdf Graphic file (type pdf)
 <use ldvlogo_neu.pdf>
Package pdftex.def Info: ldvlogo_neu.pdf used on input line 158.
(pdftex.def)             Requested size: 65.64241pt x 14.75447pt.
File: tumlogo.pdf Graphic file (type pdf)
 <use tumlogo.pdf>
Package pdftex.def Info: tumlogo.pdf used on input line 158.
(pdftex.def)             Requested size: 91.69171pt x 13.0988pt.

Overfull \hbox (6.38232pt too wide) has occurred while \output is active
[][][][] 
 []

[12

 <./fig7_.png>]
Package epstopdf Info: Source file: <fig10.eps>
(epstopdf)                    date: 2018-02-20 16:30:06
(epstopdf)                    size: 40954 bytes
(epstopdf)             Output file: <fig10-eps-converted-to.pdf>
(epstopdf)                    date: 2018-02-20 17:32:11
(epstopdf)                    size: 36535 bytes
(epstopdf)             Command: <repstopdf --outfile=fig10-eps-converted-to.pdf
 fig10.eps>
(epstopdf)             \includegraphics on input line 166.
Package epstopdf Info: Output file is already uptodate.
 <fig10-eps-converted-to.pdf, id=404, 562.1pt x 421.575pt>
File: fig10-eps-converted-to.pdf Graphic file (type pdf)

<use fig10-eps-converted-to.pdf>
Package pdftex.def Info: fig10-eps-converted-to.pdf used on input line 166.
(pdftex.def)             Requested size: 562.09863pt x 421.57396pt.

Overfull \vbox (5.77986pt too high) detected at line 166
 []

<use ldvlogo_neu.pdf> <use tumlogo.pdf> <use ldvlogo_neu.pdf>
<use tumlogo.pdf>
File: ldvlogo_neu.pdf Graphic file (type pdf)
 <use ldvlogo_neu.pdf>
Package pdftex.def Info: ldvlogo_neu.pdf used on input line 166.
(pdftex.def)             Requested size: 65.64241pt x 14.75447pt.
File: tumlogo.pdf Graphic file (type pdf)
 <use tumlogo.pdf>
Package pdftex.def Info: tumlogo.pdf used on input line 166.
(pdftex.def)             Requested size: 91.69171pt x 13.0988pt.

Overfull \hbox (6.38232pt too wide) has occurred while \output is active
[][][][] 
 []

[13

 <./fig10-eps-converted-to.pdf>]
Package epstopdf Info: Source file: <fig11.eps>
(epstopdf)                    date: 2018-02-20 16:30:06
(epstopdf)                    size: 39865 bytes
(epstopdf)             Output file: <fig11-eps-converted-to.pdf>
(epstopdf)                    date: 2018-02-20 17:32:11
(epstopdf)                    size: 71884 bytes
(epstopdf)             Command: <repstopdf --outfile=fig11-eps-converted-to.pdf
 fig11.eps>
(epstopdf)             \includegraphics on input line 174.
Package epstopdf Info: Output file is already uptodate.

<fig11-eps-converted-to.pdf, id=437, 562.1pt x 421.575pt>
File: fig11-eps-converted-to.pdf Graphic file (type pdf)

<use fig11-eps-converted-to.pdf>
Package pdftex.def Info: fig11-eps-converted-to.pdf used on input line 174.
(pdftex.def)             Requested size: 562.09863pt x 421.57396pt.

Overfull \vbox (5.77986pt too high) detected at line 174
 []

<use ldvlogo_neu.pdf> <use tumlogo.pdf> <use ldvlogo_neu.pdf>
<use tumlogo.pdf>
File: ldvlogo_neu.pdf Graphic file (type pdf)
 <use ldvlogo_neu.pdf>
Package pdftex.def Info: ldvlogo_neu.pdf used on input line 174.
(pdftex.def)             Requested size: 65.64241pt x 14.75447pt.
File: tumlogo.pdf Graphic file (type pdf)
 <use tumlogo.pdf>
Package pdftex.def Info: tumlogo.pdf used on input line 174.
(pdftex.def)             Requested size: 91.69171pt x 13.0988pt.

Overfull \hbox (6.38232pt too wide) has occurred while \output is active
[][][][] 
 []

[14

 <./fig11-eps-converted-to.pdf>]
Package epstopdf Info: Source file: <fig12.eps>
(epstopdf)                    date: 2018-02-20 16:30:06
(epstopdf)                    size: 39629 bytes
(epstopdf)             Output file: <fig12-eps-converted-to.pdf>
(epstopdf)                    date: 2018-02-20 17:32:12
(epstopdf)                    size: 35322 bytes
(epstopdf)             Command: <repstopdf --outfile=fig12-eps-converted-to.pdf
 fig12.eps>
(epstopdf)             \includegraphics on input line 182.
Package epstopdf Info: Output file is already uptodate.

<fig12-eps-converted-to.pdf, id=469, 562.1pt x 421.575pt>
File: fig12-eps-converted-to.pdf Graphic file (type pdf)

<use fig12-eps-converted-to.pdf>
Package pdftex.def Info: fig12-eps-converted-to.pdf used on input line 182.
(pdftex.def)             Requested size: 562.09863pt x 421.57396pt.

Overfull \vbox (5.77986pt too high) detected at line 182
 []

<use ldvlogo_neu.pdf> <use tumlogo.pdf> <use ldvlogo_neu.pdf>
<use tumlogo.pdf>
File: ldvlogo_neu.pdf Graphic file (type pdf)
 <use ldvlogo_neu.pdf>
Package pdftex.def Info: ldvlogo_neu.pdf used on input line 182.
(pdftex.def)             Requested size: 65.64241pt x 14.75447pt.
File: tumlogo.pdf Graphic file (type pdf)
 <use tumlogo.pdf>
Package pdftex.def Info: tumlogo.pdf used on input line 182.
(pdftex.def)             Requested size: 91.69171pt x 13.0988pt.

Overfull \hbox (6.38232pt too wide) has occurred while \output is active
[][][][] 
 []

[15

 <./fig12-eps-converted-to.pdf>]
Package epstopdf Info: Source file: <fig15.eps>
(epstopdf)                    date: 2018-02-20 16:30:06
(epstopdf)                    size: 41619 bytes
(epstopdf)             Output file: <fig15-eps-converted-to.pdf>
(epstopdf)                    date: 2018-02-20 17:32:12
(epstopdf)                    size: 37159 bytes
(epstopdf)             Command: <repstopdf --outfile=fig15-eps-converted-to.pdf
 fig15.eps>
(epstopdf)             \includegraphics on input line 190.
Package epstopdf Info: Output file is already uptodate.

<fig15-eps-converted-to.pdf, id=502, 562.1pt x 421.575pt>
File: fig15-eps-converted-to.pdf Graphic file (type pdf)

<use fig15-eps-converted-to.pdf>
Package pdftex.def Info: fig15-eps-converted-to.pdf used on input line 190.
(pdftex.def)             Requested size: 562.09863pt x 421.57396pt.

Overfull \vbox (5.77986pt too high) detected at line 190
 []

<use ldvlogo_neu.pdf> <use tumlogo.pdf> <use ldvlogo_neu.pdf>
<use tumlogo.pdf>
File: ldvlogo_neu.pdf Graphic file (type pdf)
 <use ldvlogo_neu.pdf>
Package pdftex.def Info: ldvlogo_neu.pdf used on input line 190.
(pdftex.def)             Requested size: 65.64241pt x 14.75447pt.
File: tumlogo.pdf Graphic file (type pdf)
 <use tumlogo.pdf>
Package pdftex.def Info: tumlogo.pdf used on input line 190.
(pdftex.def)             Requested size: 91.69171pt x 13.0988pt.

Overfull \hbox (6.38232pt too wide) has occurred while \output is active
[][][][] 
 []

[16

 <./fig15-eps-converted-to.pdf>]
Package epstopdf Info: Source file: <fig16.eps>
(epstopdf)                    date: 2018-02-20 16:30:06
(epstopdf)                    size: 42217 bytes
(epstopdf)             Output file: <fig16-eps-converted-to.pdf>
(epstopdf)                    date: 2018-02-20 17:32:13
(epstopdf)                    size: 74171 bytes
(epstopdf)             Command: <repstopdf --outfile=fig16-eps-converted-to.pdf
 fig16.eps>
(epstopdf)             \includegraphics on input line 198.
Package epstopdf Info: Output file is already uptodate.

<fig16-eps-converted-to.pdf, id=534, 562.1pt x 421.575pt>
File: fig16-eps-converted-to.pdf Graphic file (type pdf)

<use fig16-eps-converted-to.pdf>
Package pdftex.def Info: fig16-eps-converted-to.pdf used on input line 198.
(pdftex.def)             Requested size: 562.09863pt x 421.57396pt.

Overfull \vbox (5.77986pt too high) detected at line 198
 []

<use ldvlogo_neu.pdf> <use tumlogo.pdf> <use ldvlogo_neu.pdf>
<use tumlogo.pdf>
File: ldvlogo_neu.pdf Graphic file (type pdf)
 <use ldvlogo_neu.pdf>
Package pdftex.def Info: ldvlogo_neu.pdf used on input line 198.
(pdftex.def)             Requested size: 65.64241pt x 14.75447pt.
File: tumlogo.pdf Graphic file (type pdf)
 <use tumlogo.pdf>
Package pdftex.def Info: tumlogo.pdf used on input line 198.
(pdftex.def)             Requested size: 91.69171pt x 13.0988pt.

Overfull \hbox (6.38232pt too wide) has occurred while \output is active
[][][][] 
 []

[17

 <./fig16-eps-converted-to.pdf>]
Package epstopdf Info: Source file: <fig17.eps>
(epstopdf)                    date: 2018-02-20 16:30:06
(epstopdf)                    size: 41510 bytes
(epstopdf)             Output file: <fig17-eps-converted-to.pdf>
(epstopdf)                    date: 2018-02-20 17:32:13
(epstopdf)                    size: 37314 bytes
(epstopdf)             Command: <repstopdf --outfile=fig17-eps-converted-to.pdf
 fig17.eps>
(epstopdf)             \includegraphics on input line 206.
Package epstopdf Info: Output file is already uptodate.

<fig17-eps-converted-to.pdf, id=566, 562.1pt x 421.575pt>
File: fig17-eps-converted-to.pdf Graphic file (type pdf)

<use fig17-eps-converted-to.pdf>
Package pdftex.def Info: fig17-eps-converted-to.pdf used on input line 206.
(pdftex.def)             Requested size: 562.09863pt x 421.57396pt.

Overfull \vbox (5.77986pt too high) detected at line 206
 []

<use ldvlogo_neu.pdf> <use tumlogo.pdf> <use ldvlogo_neu.pdf>
<use tumlogo.pdf>
File: ldvlogo_neu.pdf Graphic file (type pdf)
 <use ldvlogo_neu.pdf>
Package pdftex.def Info: ldvlogo_neu.pdf used on input line 206.
(pdftex.def)             Requested size: 65.64241pt x 14.75447pt.
File: tumlogo.pdf Graphic file (type pdf)
 <use tumlogo.pdf>
Package pdftex.def Info: tumlogo.pdf used on input line 206.
(pdftex.def)             Requested size: 91.69171pt x 13.0988pt.

Overfull \hbox (6.38232pt too wide) has occurred while \output is active
[][][][] 
 []

[18

 <./fig17-eps-converted-to.pdf>] <use ldvlogo_neu.pdf> <use tumlogo.pdf>
<use ldvlogo_neu.pdf> <use tumlogo.pdf>
File: ldvlogo_neu.pdf Graphic file (type pdf)
 <use ldvlogo_neu.pdf>
Package pdftex.def Info: ldvlogo_neu.pdf used on input line 216.
(pdftex.def)             Requested size: 65.64241pt x 14.75447pt.
File: tumlogo.pdf Graphic file (type pdf)

<use tumlogo.pdf>
Package pdftex.def Info: tumlogo.pdf used on input line 216.
(pdftex.def)             Requested size: 91.69171pt x 13.0988pt.

Overfull \hbox (6.38232pt too wide) has occurred while \output is active
[][][][] 
 []

[19

] <use ldvlogo_neu.pdf> <use tumlogo.pdf> <use ldvlogo_neu.pdf>
<use tumlogo.pdf>
File: ldvlogo_neu.pdf Graphic file (type pdf)
 <use ldvlogo_neu.pdf>
Package pdftex.def Info: ldvlogo_neu.pdf used on input line 231.
(pdftex.def)             Requested size: 65.64241pt x 14.75447pt.
File: tumlogo.pdf Graphic file (type pdf)
 <use tumlogo.pdf>
Package pdftex.def Info: tumlogo.pdf used on input line 231.
(pdftex.def)             Requested size: 91.69171pt x 13.0988pt.

Overfull \hbox (6.38232pt too wide) has occurred while \output is active
[][][][] 
 []

[20

] <use ldvlogo_neu.pdf> <use tumlogo.pdf> <use ldvlogo_neu.pdf>
<use tumlogo.pdf>
File: ldvlogo_neu.pdf Graphic file (type pdf)
 <use ldvlogo_neu.pdf>
Package pdftex.def Info: ldvlogo_neu.pdf used on input line 242.
(pdftex.def)             Requested size: 65.64241pt x 14.75447pt.
File: tumlogo.pdf Graphic file (type pdf)
 <use tumlogo.pdf>
Package pdftex.def Info: tumlogo.pdf used on input line 242.
(pdftex.def)             Requested size: 91.69171pt x 13.0988pt.

Overfull \hbox (6.38232pt too wide) has occurred while \output is active
[][][][] 
 []

[21

] <use ldvlogo_neu.pdf> <use tumlogo.pdf> <use ldvlogo_neu.pdf>
<use tumlogo.pdf>
File: ldvlogo_neu.pdf Graphic file (type pdf)
 <use ldvlogo_neu.pdf>
Package pdftex.def Info: ldvlogo_neu.pdf used on input line 255.
(pdftex.def)             Requested size: 65.64241pt x 14.75447pt.
File: tumlogo.pdf Graphic file (type pdf)
 <use tumlogo.pdf>
Package pdftex.def Info: tumlogo.pdf used on input line 255.
(pdftex.def)             Requested size: 91.69171pt x 13.0988pt.

Overfull \hbox (6.38232pt too wide) has occurred while \output is active
[][][][] 
 []

[22

] <use ldvlogo_neu.pdf> <use tumlogo.pdf> <use ldvlogo_neu.pdf>
<use tumlogo.pdf>
File: ldvlogo_neu.pdf Graphic file (type pdf)
 <use ldvlogo_neu.pdf>
Package pdftex.def Info: ldvlogo_neu.pdf used on input line 267.
(pdftex.def)             Requested size: 65.64241pt x 14.75447pt.
File: tumlogo.pdf Graphic file (type pdf)
 <use tumlogo.pdf>
Package pdftex.def Info: tumlogo.pdf used on input line 267.
(pdftex.def)             Requested size: 91.69171pt x 13.0988pt.

Overfull \hbox (6.38232pt too wide) has occurred while \output is active
[][][][] 
 []

[23

]
LaTeX Font Info:    Font shape `OT1/phv/bx/n' in size <10.95> not available
(Font)              Font shape `OT1/phv/b/n' tried instead on input line 282.
 <use ldvlogo_neu.pdf> <use tumlogo.pdf> <use ldvlogo_neu.pdf>
<use tumlogo.pdf>
File: ldvlogo_neu.pdf Graphic file (type pdf)
 <use ldvlogo_neu.pdf>
Package pdftex.def Info: ldvlogo_neu.pdf used on input line 282.
(pdftex.def)             Requested size: 65.64241pt x 14.75447pt.
File: tumlogo.pdf Graphic file (type pdf)
 <use tumlogo.pdf>
Package pdftex.def Info: tumlogo.pdf used on input line 282.
(pdftex.def)             Requested size: 91.69171pt x 13.0988pt.

Overfull \hbox (6.38232pt too wide) has occurred while \output is active
[][][][] 
 []

[24

] <use ldvlogo_neu.pdf> <use tumlogo.pdf> <use ldvlogo_neu.pdf>
<use tumlogo.pdf>
File: ldvlogo_neu.pdf Graphic file (type pdf)
 <use ldvlogo_neu.pdf>
Package pdftex.def Info: ldvlogo_neu.pdf used on input line 303.
(pdftex.def)             Requested size: 65.64241pt x 14.75447pt.
File: tumlogo.pdf Graphic file (type pdf)
 <use tumlogo.pdf>
Package pdftex.def Info: tumlogo.pdf used on input line 303.
(pdftex.def)             Requested size: 91.69171pt x 13.0988pt.

Overfull \hbox (6.38232pt too wide) has occurred while \output is active
[][][][] 
 []

[25

] <use ldvlogo_neu.pdf> <use tumlogo.pdf> <use ldvlogo_neu.pdf>
<use tumlogo.pdf>
File: ldvlogo_neu.pdf Graphic file (type pdf)
 <use ldvlogo_neu.pdf>
Package pdftex.def Info: ldvlogo_neu.pdf used on input line 317.
(pdftex.def)             Requested size: 65.64241pt x 14.75447pt.
File: tumlogo.pdf Graphic file (type pdf)
 <use tumlogo.pdf>
Package pdftex.def Info: tumlogo.pdf used on input line 317.
(pdftex.def)             Requested size: 91.69171pt x 13.0988pt.

Overfull \hbox (6.38232pt too wide) has occurred while \output is active
[][][][] 
 []

[26

] <use ldvlogo_neu.pdf> <use tumlogo.pdf> <use ldvlogo_neu.pdf>
<use tumlogo.pdf>
File: ldvlogo_neu.pdf Graphic file (type pdf)
 <use ldvlogo_neu.pdf>
Package pdftex.def Info: ldvlogo_neu.pdf used on input line 327.
(pdftex.def)             Requested size: 65.64241pt x 14.75447pt.
File: tumlogo.pdf Graphic file (type pdf)
 <use tumlogo.pdf>
Package pdftex.def Info: tumlogo.pdf used on input line 327.
(pdftex.def)             Requested size: 91.69171pt x 13.0988pt.

Overfull \hbox (6.38232pt too wide) has occurred while \output is active
[][][][] 
 []

[27

]
Package epstopdf Info: Source file: <VIF.eps>
(epstopdf)                    date: 2018-02-20 16:30:06
(epstopdf)                    size: 20132 bytes
(epstopdf)             Output file: <VIF-eps-converted-to.pdf>
(epstopdf)                    date: 2018-02-20 17:32:14
(epstopdf)                    size: 7025 bytes
(epstopdf)             Command: <repstopdf --outfile=VIF-eps-converted-to.pdf V
IF.eps>
(epstopdf)             \includegraphics on input line 344.
Package epstopdf Info: Output file is already uptodate.
 <VIF-eps-converted-to.pdf, id=830, 562.1pt x 421.575pt>
File: VIF-eps-converted-to.pdf Graphic file (type pdf)

<use VIF-eps-converted-to.pdf>
Package pdftex.def Info: VIF-eps-converted-to.pdf used on input line 344.
(pdftex.def)             Requested size: 562.09863pt x 421.57396pt.

Overfull \hbox (26.36752pt too wide) in paragraph at lines 344--344
 [] 
 []

Package epstopdf Info: Source file: <ELFSSIM.eps>
(epstopdf)                    date: 2018-02-20 16:30:06
(epstopdf)                    size: 19527 bytes
(epstopdf)             Output file: <ELFSSIM-eps-converted-to.pdf>
(epstopdf)                    date: 2018-02-20 17:32:14
(epstopdf)                    size: 7080 bytes
(epstopdf)             Command: <repstopdf --outfile=ELFSSIM-eps-converted-to.p
df ELFSSIM.eps>
(epstopdf)             \includegraphics on input line 344.
Package epstopdf Info: Output file is already uptodate.
<ELFSSIM-eps-converted-to.pdf, id=831, 562.1pt x 421.575pt>
File: ELFSSIM-eps-converted-to.pdf Graphic file (type pdf)

<use ELFSSIM-eps-converted-to.pdf>
Package pdftex.def Info: ELFSSIM-eps-converted-to.pdf used on input line 344.
(pdftex.def)             Requested size: 562.09863pt x 421.57396pt.

Overfull \hbox (26.36752pt too wide) in paragraph at lines 344--344
 [] 
 []

<use ldvlogo_neu.pdf> <use tumlogo.pdf> <use ldvlogo_neu.pdf>
<use tumlogo.pdf>
File: ldvlogo_neu.pdf Graphic file (type pdf)
 <use ldvlogo_neu.pdf>
Package pdftex.def Info: ldvlogo_neu.pdf used on input line 344.
(pdftex.def)             Requested size: 65.64241pt x 14.75447pt.
File: tumlogo.pdf Graphic file (type pdf)
 <use tumlogo.pdf>
Package pdftex.def Info: tumlogo.pdf used on input line 344.
(pdftex.def)             Requested size: 91.69171pt x 13.0988pt.

Overfull \hbox (6.38232pt too wide) has occurred while \output is active
[][][][] 
 []

[28

 <./VIF-eps-converted-to.pdf> <./ELFSSIM-eps-converted-to.pdf>]
<use ldvlogo_neu.pdf> <use tumlogo.pdf> <use ldvlogo_neu.pdf>
<use tumlogo.pdf>
File: ldvlogo_neu.pdf Graphic file (type pdf)
 <use ldvlogo_neu.pdf>
Package pdftex.def Info: ldvlogo_neu.pdf used on input line 354.
(pdftex.def)             Requested size: 65.64241pt x 14.75447pt.
File: tumlogo.pdf Graphic file (type pdf)
 <use tumlogo.pdf>
Package pdftex.def Info: tumlogo.pdf used on input line 354.
(pdftex.def)             Requested size: 91.69171pt x 13.0988pt.

Overfull \hbox (6.38232pt too wide) has occurred while \output is active
[][][][] 
 []

[29

] <images/crowdsourced_MOS.png, id=892, 578.16pt x 433.62pt>
File: images/crowdsourced_MOS.png Graphic file (type png)

<use images/crowdsourced_MOS.png>
Package pdftex.def Info: images/crowdsourced_MOS.png used on input line 365.
(pdftex.def)             Requested size: 202.35902pt x 151.76927pt.
 <use ldvlogo_neu.pdf> <use tumlogo.pdf>
<use ldvlogo_neu.pdf> <use tumlogo.pdf>
File: ldvlogo_neu.pdf Graphic file (type pdf)
 <use ldvlogo_neu.pdf>
Package pdftex.def Info: ldvlogo_neu.pdf used on input line 365.
(pdftex.def)             Requested size: 65.64241pt x 14.75447pt.
File: tumlogo.pdf Graphic file (type pdf)

<use tumlogo.pdf>
Package pdftex.def Info: tumlogo.pdf used on input line 365.
(pdftex.def)             Requested size: 91.69171pt x 13.0988pt.

Overfull \hbox (6.38232pt too wide) has occurred while \output is active
[][][][] 
 []

[30

 <./images/crowdsourced_MOS.png>]
<images/PCs+psnr_row.jpg, id=919, 1124.2pt x 843.15pt>
File: images/PCs+psnr_row.jpg Graphic file (type jpg)

<use images/PCs+psnr_row.jpg>
Package pdftex.def Info: images/PCs+psnr_row.jpg used on input line 390.
(pdftex.def)             Requested size: 191.11147pt x 143.3336pt.

Overfull \hbox (20.39494pt too wide) in paragraph at lines 390--390
 [] 
 []

<images/PCs+psnr.jpg, id=920, 949.5475pt x 680.5425pt>
File: images/PCs+psnr.jpg Graphic file (type jpg)

<use images/PCs+psnr.jpg>
Package pdftex.def Info: images/PCs+psnr.jpg used on input line 390.
(pdftex.def)             Requested size: 189.90613pt x 136.10608pt.

Overfull \hbox (19.1896pt too wide) in paragraph at lines 390--390
 [] 
 []


Overfull \vbox (9.872pt too high) detected at line 390
 []

<use ldvlogo_neu.pdf> <use tumlogo.pdf> <use ldvlogo_neu.pdf>
<use tumlogo.pdf>
File: ldvlogo_neu.pdf Graphic file (type pdf)
 <use ldvlogo_neu.pdf>
Package pdftex.def Info: ldvlogo_neu.pdf used on input line 390.
(pdftex.def)             Requested size: 65.64241pt x 14.75447pt.
File: tumlogo.pdf Graphic file (type pdf)
 <use tumlogo.pdf>
Package pdftex.def Info: tumlogo.pdf used on input line 390.
(pdftex.def)             Requested size: 91.69171pt x 13.0988pt.

Overfull \hbox (6.38232pt too wide) has occurred while \output is active
[][][][] 
 []

[31

 <./images/PCs+psnr_row.jpg> <./images/PCs+psnr.jpg>]
<images/PCs.jpg, id=948, 1124.2pt x 843.15pt>
File: images/PCs.jpg Graphic file (type jpg)
 <use images/PCs.jpg>
Package pdftex.def Info: images/PCs.jpg used on input line 408.
(pdftex.def)             Requested size: 179.87567pt x 134.90675pt.

Overfull \hbox (9.15915pt too wide) in paragraph at lines 408--408
 [] 
 []

File: images/PCs+psnr.jpg Graphic file (type jpg)
<use images/PCs+psnr.jpg>
Package pdftex.def Info: images/PCs+psnr.jpg used on input line 408.
(pdftex.def)             Requested size: 189.90613pt x 136.10608pt.

Overfull \hbox (19.1896pt too wide) in paragraph at lines 408--408
 [] 
 []

<use ldvlogo_neu.pdf> <use tumlogo.pdf> <use ldvlogo_neu.pdf>
<use tumlogo.pdf>
File: ldvlogo_neu.pdf Graphic file (type pdf)
 <use ldvlogo_neu.pdf>
Package pdftex.def Info: ldvlogo_neu.pdf used on input line 408.
(pdftex.def)             Requested size: 65.64241pt x 14.75447pt.
File: tumlogo.pdf Graphic file (type pdf)
 <use tumlogo.pdf>
Package pdftex.def Info: tumlogo.pdf used on input line 408.
(pdftex.def)             Requested size: 91.69171pt x 13.0988pt.

Overfull \hbox (6.38232pt too wide) has occurred while \output is active
[][][][] 
 []

[32

 <./images/PCs.jpg>]
<images/PLS_testResult.jpg, id=974, 1124.2pt x 843.15pt>
File: images/PLS_testResult.jpg Graphic file (type jpg)

<use images/PLS_testResult.jpg>
Package pdftex.def Info: images/PLS_testResult.jpg used on input line 430.
(pdftex.def)             Requested size: 191.11147pt x 143.3336pt.

Overfull \hbox (20.39494pt too wide) in paragraph at lines 430--430
 [] 
 []

<images/PCR_testResult.jpg, id=975, 1124.2pt x 843.15pt>
File: images/PCR_testResult.jpg Graphic file (type jpg)

<use images/PCR_testResult.jpg>
Package pdftex.def Info: images/PCR_testResult.jpg used on input line 430.
(pdftex.def)             Requested size: 191.11147pt x 143.3336pt.

Overfull \hbox (20.39494pt too wide) in paragraph at lines 430--430
 [] 
 []

<use ldvlogo_neu.pdf> <use tumlogo.pdf> <use ldvlogo_neu.pdf>
<use tumlogo.pdf>
File: ldvlogo_neu.pdf Graphic file (type pdf)
 <use ldvlogo_neu.pdf>
Package pdftex.def Info: ldvlogo_neu.pdf used on input line 430.
(pdftex.def)             Requested size: 65.64241pt x 14.75447pt.
File: tumlogo.pdf Graphic file (type pdf)
 <use tumlogo.pdf>
Package pdftex.def Info: tumlogo.pdf used on input line 430.
(pdftex.def)             Requested size: 91.69171pt x 13.0988pt.

Overfull \hbox (6.38232pt too wide) has occurred while \output is active
[][][][] 
 []

[33

 <./images/PLS_testResult.jpg> <./images/PCR_testResult.jpg>]
<images/vmaf_testResult.jpg, id=1001, 1124.2pt x 843.15pt>
File: images/vmaf_testResult.jpg Graphic file (type jpg)

<use images/vmaf_testResult.jpg>
Package pdftex.def Info: images/vmaf_testResult.jpg used on input line 440.
(pdftex.def)             Requested size: 224.83601pt x 168.627pt.
 <use ldvlogo_neu.pdf> <use tumlogo.pdf>
<use ldvlogo_neu.pdf> <use tumlogo.pdf>
File: ldvlogo_neu.pdf Graphic file (type pdf)
 <use ldvlogo_neu.pdf>
Package pdftex.def Info: ldvlogo_neu.pdf used on input line 440.
(pdftex.def)             Requested size: 65.64241pt x 14.75447pt.
File: tumlogo.pdf Graphic file (type pdf)

<use tumlogo.pdf>
Package pdftex.def Info: tumlogo.pdf used on input line 440.
(pdftex.def)             Requested size: 91.69171pt x 13.0988pt.

Overfull \hbox (6.38232pt too wide) has occurred while \output is active
[][][][] 
 []

[34

 <./images/vmaf_testResult.jpg>]
<images/all_testResult.jpg, id=1027, 1124.2pt x 843.15pt>
File: images/all_testResult.jpg Graphic file (type jpg)

<use images/all_testResult.jpg>
Package pdftex.def Info: images/all_testResult.jpg used on input line 462.
(pdftex.def)             Requested size: 191.11147pt x 143.3336pt.

Overfull \hbox (20.39494pt too wide) in paragraph at lines 462--462
 [] 
 []

<images/all+psnr.jpg, id=1028, 1124.2pt x 843.15pt>
File: images/all+psnr.jpg Graphic file (type jpg)
 <use images/all+psnr.jpg>
Package pdftex.def Info: images/all+psnr.jpg used on input line 462.
(pdftex.def)             Requested size: 191.11147pt x 143.3336pt.

Overfull \hbox (20.39494pt too wide) in paragraph at lines 462--462
 [] 
 []

<use ldvlogo_neu.pdf> <use tumlogo.pdf> <use ldvlogo_neu.pdf>
<use tumlogo.pdf>
File: ldvlogo_neu.pdf Graphic file (type pdf)
 <use ldvlogo_neu.pdf>
Package pdftex.def Info: ldvlogo_neu.pdf used on input line 462.
(pdftex.def)             Requested size: 65.64241pt x 14.75447pt.
File: tumlogo.pdf Graphic file (type pdf)
 <use tumlogo.pdf>
Package pdftex.def Info: tumlogo.pdf used on input line 462.
(pdftex.def)             Requested size: 91.69171pt x 13.0988pt.

Overfull \hbox (6.38232pt too wide) has occurred while \output is active
[][][][] 
 []

[35

 <./images/all_testResult.jpg> <./images/all+psnr.jpg>]
<use ldvlogo_neu.pdf> <use tumlogo.pdf> <use ldvlogo_neu.pdf>
<use tumlogo.pdf>
File: ldvlogo_neu.pdf Graphic file (type pdf)
 <use ldvlogo_neu.pdf>
Package pdftex.def Info: ldvlogo_neu.pdf used on input line 492.
(pdftex.def)             Requested size: 65.64241pt x 14.75447pt.
File: tumlogo.pdf Graphic file (type pdf)
 <use tumlogo.pdf>
Package pdftex.def Info: tumlogo.pdf used on input line 492.
(pdftex.def)             Requested size: 91.69171pt x 13.0988pt.

Overfull \hbox (6.38232pt too wide) has occurred while \output is active
[][][][] 
 []

[36

] <use ldvlogo_neu.pdf> <use tumlogo.pdf> <use ldvlogo_neu.pdf>
<use tumlogo.pdf>
File: ldvlogo_neu.pdf Graphic file (type pdf)
 <use ldvlogo_neu.pdf>
Package pdftex.def Info: ldvlogo_neu.pdf used on input line 505.
(pdftex.def)             Requested size: 65.64241pt x 14.75447pt.
File: tumlogo.pdf Graphic file (type pdf)
 <use tumlogo.pdf>
Package pdftex.def Info: tumlogo.pdf used on input line 505.
(pdftex.def)             Requested size: 91.69171pt x 13.0988pt.

Overfull \hbox (6.38232pt too wide) has occurred while \output is active
[][][][] 
 []

[37

]
\tf@nav=\write7
\openout7 = `main.nav'.

\tf@toc=\write8
\openout8 = `main.toc'.

\tf@snm=\write9
\openout9 = `main.snm'.

Package atveryend Info: Empty hook `BeforeClearDocument' on input line 507.
Package atveryend Info: Empty hook `AfterLastShipout' on input line 507.
 (./main.aux)
Package atveryend Info: Executing hook `AtVeryEndDocument' on input line 507.
Package atveryend Info: Executing hook `AtEndAfterFileList' on input line 507.
Package rerunfilecheck Info: File `main.out' has not changed.
(rerunfilecheck)             Checksum: B19D722E37C0BE1BE74B8A90BEB88C00;354.
 ) 
Here is how much of TeX's memory you used:
 19595 strings out of 492995
 361017 string characters out of 6132704
 437745 words of memory out of 5000000
 22583 multiletter control sequences out of 15000+600000
 26293 words of font info for 57 fonts, out of 8000000 for 9000
 1141 hyphenation exceptions out of 8191
 56i,23n,56p,789b,652s stack positions out of 5000i,500n,10000p,200000b,80000s
{/usr/local/texlive/2017/texmf-dist/fonts/enc/dvips/base/8r.enc}</usr/local/t
exlive/2017/texmf-dist/fonts/type1/public/amsfonts/cm/cmmi10.pfb></usr/local/te
xlive/2017/texmf-dist/fonts/type1/public/amsfonts/cm/cmss10.pfb></usr/local/tex
live/2017/texmf-dist/fonts/type1/public/amsfonts/cm/cmsy10.pfb></usr/local/texl
ive/2017/texmf-dist/fonts/type1/public/amsfonts/cm/cmsy6.pfb></usr/local/texliv
e/2017/texmf-dist/fonts/type1/public/amsfonts/cm/cmsy8.pfb></usr/local/texlive/
2017/texmf-dist/fonts/type1/public/amsfonts/symbols/msam10.pfb></usr/local/texl
ive/2017/texmf-dist/fonts/type1/urw/helvetic/uhvb8a.pfb></usr/local/texlive/201
7/texmf-dist/fonts/type1/urw/helvetic/uhvr8a.pfb></usr/local/texlive/2017/texmf
-dist/fonts/type1/urw/helvetic/uhvro8a.pfb>
Output written on main.pdf (37 pages, 1078916 bytes).
PDF statistics:
 1159 PDF objects out of 1200 (max. 8388607)
 1025 compressed objects within 11 object streams
 82 named destinations out of 1000 (max. 500000)
 237 words of extra memory for PDF output out of 10000 (max. 10000000)

